[2025-11-28 14:59:50 : INFO] - Cache for URL: https://easyins.ru/privacy/ has been purged, triggered by action: save_post 
[2025-11-28 14:59:50 : INFO] - Cache for author page URL: https://easyins.ru/author/surrexi_/ associated with post_type: page and Title: "Политика конфиденциальности" has been purged, triggered by action: save_post 
[2025-11-28 14:59:50 : INFO] - Cache for URL: https://easyins.ru/privacy/ has been purged, triggered by action: save_post 
[2025-11-28 14:59:50 : INFO] - Cache for author page URL: https://easyins.ru/author/surrexi_/ associated with post_type: page and Title: "Политика конфиденциальности" has been purged, triggered by action: save_post 
[2025-11-28 15:32:09 : INFO] - Full Cache Purge triggered by: WP_Optimize_Minify_Cache_Functions::purge_others 
[2025-11-28 15:32:44 : INFO] - Full Cache Purge triggered by: WP_Optimize_Minify_Cache_Functions::purge_others 
[2025-11-28 15:36:51 : INFO] - Cache for URL: https://easyins.ru/ has been purged, triggered by action: save_post 
[2025-11-28 15:36:51 : INFO] - Cache for author page URL: https://easyins.ru/author/surrexi_/ associated with post_type: page and Title: "Главная" has been purged, triggered by action: save_post 
[2025-11-28 15:36:52 : INFO] - Cache for URL: https://easyins.ru/ has been purged, triggered by action: save_post 
[2025-11-28 15:36:52 : INFO] - Cache for author page URL: https://easyins.ru/author/surrexi_/ associated with post_type: page and Title: "Главная" has been purged, triggered by action: save_post 
[2025-11-28 15:36:58 : INFO] - Cache for URL: https://easyins.ru/ has been purged, triggered by action: save_post 
[2025-11-28 15:36:58 : INFO] - Cache for author page URL: https://easyins.ru/author/surrexi_/ associated with post_type: page and Title: "Главная" has been purged, triggered by action: save_post 
[2025-11-28 15:36:58 : INFO] - Cache for URL: https://easyins.ru/ has been purged, triggered by action: save_post 
[2025-11-28 15:36:58 : INFO] - Cache for author page URL: https://easyins.ru/author/surrexi_/ associated with post_type: page and Title: "Главная" has been purged, triggered by action: save_post 
[2025-11-28 15:54:57 : INFO] - Full Cache Purge triggered by: WP_Optimize_Minify_Cache_Functions::purge_others 
[2025-11-28 18:14:42 : INFO] - Cache for URL: https://easyins.ru/ has been purged, triggered by action: save_post 
[2025-11-28 18:14:42 : INFO] - Cache for author page URL: https://easyins.ru/author/surrexi_/ associated with post_type: page and Title: "Главная" has been purged, triggered by action: save_post 
[2025-11-28 18:14:42 : INFO] - Cache for URL: https://easyins.ru/ has been purged, triggered by action: save_post 
[2025-11-28 18:14:42 : INFO] - Cache for author page URL: https://easyins.ru/author/surrexi_/ associated with post_type: page and Title: "Главная" has been purged, triggered by action: save_post 
[2025-11-28 18:16:27 : INFO] - Cache for URL: https://easyins.ru/ has been purged, triggered by action: save_post 
[2025-11-28 18:16:27 : INFO] - Cache for author page URL: https://easyins.ru/author/surrexi_/ associated with post_type: page and Title: "Главная" has been purged, triggered by action: save_post 
[2025-11-28 18:16:27 : INFO] - Cache for URL: https://easyins.ru/ has been purged, triggered by action: save_post 
[2025-11-28 18:16:27 : INFO] - Cache for author page URL: https://easyins.ru/author/surrexi_/ associated with post_type: page and Title: "Главная" has been purged, triggered by action: save_post 
[2025-11-28 18:16:54 : INFO] - Cache for URL: https://easyins.ru/ has been purged, triggered by action: save_post 
[2025-11-28 18:16:54 : INFO] - Cache for author page URL: https://easyins.ru/author/surrexi_/ associated with post_type: page and Title: "Главная" has been purged, triggered by action: save_post 
[2025-11-28 18:16:54 : INFO] - Cache for URL: https://easyins.ru/ has been purged, triggered by action: save_post 
[2025-11-28 18:16:54 : INFO] - Cache for author page URL: https://easyins.ru/author/surrexi_/ associated with post_type: page and Title: "Главная" has been purged, triggered by action: save_post 
[2025-11-28 18:23:44 : INFO] - Cache for URL: https://easyins.ru/ has been purged, triggered by action: save_post 
[2025-11-28 18:23:44 : INFO] - Cache for author page URL: https://easyins.ru/author/surrexi_/ associated with post_type: page and Title: "Главная" has been purged, triggered by action: save_post 
[2025-11-28 18:23:45 : INFO] - Cache for URL: https://easyins.ru/ has been purged, triggered by action: save_post 
[2025-11-28 18:23:45 : INFO] - Cache for author page URL: https://easyins.ru/author/surrexi_/ associated with post_type: page and Title: "Главная" has been purged, triggered by action: save_post 
[2025-11-28 18:24:36 : INFO] - Cache for URL: https://easyins.ru/ has been purged, triggered by action: save_post 
[2025-11-28 18:24:36 : INFO] - Cache for author page URL: https://easyins.ru/author/surrexi_/ associated with post_type: page and Title: "Главная" has been purged, triggered by action: save_post 
[2025-11-28 18:24:36 : INFO] - Cache for URL: https://easyins.ru/ has been purged, triggered by action: save_post 
[2025-11-28 18:24:36 : INFO] - Cache for author page URL: https://easyins.ru/author/surrexi_/ associated with post_type: page and Title: "Главная" has been purged, triggered by action: save_post 
[2025-11-29 07:20:09 : INFO] - Full Cache Purge triggered by: WP_Optimize_Minify_Cache_Functions::purge_others 
[2025-11-29 07:21:56 : INFO] - Full Cache Purge triggered by: WP_Optimize_Minify_Cache_Functions::purge_others 
[2025-11-29 07:37:56 : INFO] - Full Cache Purge triggered by: WP_Optimize_Minify_Cache_Functions::purge_others 
[2025-11-29 07:40:20 : INFO] - Full Cache Purge triggered by: WP_Optimize_Minify_Cache_Functions::purge_others 
[2025-11-29 07:41:16 : INFO] - Full Cache Purge triggered by: WP_Optimize_Minify_Cache_Functions::purge_others 
[2025-11-29 16:00:36 : INFO] - Full Cache Purge triggered by: plugin activation/deactivation 
[2025-11-30 05:08:16 : INFO] - Full Cache Purge triggered by: plugin activation/deactivation 
[2025-11-30 05:09:38 : INFO] - Full Cache Purge triggered by: WP_Optimize_Minify_Cache_Functions::purge_others 
[2025-11-30 05:09:39 : INFO] - Full Cache Purge triggered by: WP_Optimize_Minify_Cache_Functions::purge_others 
[2025-11-30 05:16:31 : INFO] - Full Cache Purge triggered by: plugin activation/deactivation 
[2025-11-30 05:17:35 : INFO] - Full Cache Purge triggered by: plugin activation/deactivation 
[2025-11-30 05:24:05 : INFO] - Full Cache Purge triggered by: WP_Optimize_Minify_Cache_Functions::purge_others 
[2025-11-30 05:24:06 : INFO] - Full Cache Purge triggered by: WP_Optimize_Minify_Cache_Functions::purge_others 
[2025-11-30 05:27:17 : INFO] - Full Cache Purge triggered by: plugin activation/deactivation 
[2025-11-30 05:28:07 : INFO] - Full Cache Purge triggered by: plugin activation/deactivation 
[2025-11-30 05:46:17 : INFO] - Full Cache Purge triggered by: plugin activation/deactivation 
[2025-11-30 06:10:28 : INFO] - Full Cache Purge triggered by: WP_Optimize_Minify_Cache_Functions::purge_others 
[2025-11-30 06:18:12 : INFO] - Full Cache Purge triggered by: plugin activation/deactivation 
[2025-12-02 12:05:00 : INFO] - Cache for URL: https://easyins.ru/base/dms-poliklinikaru-polyanka/ has been purged, triggered by action: save_post 
[2025-12-02 12:05:00 : INFO] - Cache for author page URL: https://easyins.ru/author/surrexi_/ associated with post_type: citadela-item and Title: "Поликлиника.ру на Полянке" has been purged, triggered by action: save_post 
[2025-12-02 12:05:01 : INFO] - Cache for URL: https://easyins.ru/base/dms-poliklinikaru-polyanka/ has been purged, triggered by action: save_post 
[2025-12-02 12:05:01 : INFO] - Cache for author page URL: https://easyins.ru/author/surrexi_/ associated with post_type: citadela-item and Title: "Поликлиника.ру на Полянке" has been purged, triggered by action: save_post 
[2025-12-02 17:27:43 : INFO] - Cache for URL: https://easyins.ru/base/dms-poliklinikaru-proletarka/ has been purged, triggered by action: save_post 
[2025-12-02 17:27:43 : INFO] - Cache for author page URL: https://easyins.ru/author/surrexi_/ associated with post_type: citadela-item and Title: "Поликлиника.ру на Пролетарской" has been purged, triggered by action: save_post 
[2025-12-02 17:27:43 : INFO] - Cache for URL: https://easyins.ru/base/dms-poliklinikaru-proletarka/ has been purged, triggered by action: save_post 
[2025-12-02 17:27:43 : INFO] - Cache for author page URL: https://easyins.ru/author/surrexi_/ associated with post_type: citadela-item and Title: "Поликлиника.ру на Пролетарской" has been purged, triggered by action: save_post 
[2025-12-02 17:31:54 : INFO] - Cache for URL: https://easyins.ru/base/dms-poliklinikaru-proletarka/ has been purged, triggered by action: save_post 
[2025-12-02 17:31:54 : INFO] - Cache for author page URL: https://easyins.ru/author/surrexi_/ associated with post_type: citadela-item and Title: "Поликлиника.ру на Пролетарской" has been purged, triggered by action: save_post 
[2025-12-02 17:31:55 : INFO] - Cache for URL: https://easyins.ru/base/dms-poliklinikaru-proletarka/ has been purged, triggered by action: save_post 
[2025-12-02 17:31:55 : INFO] - Cache for author page URL: https://easyins.ru/author/surrexi_/ associated with post_type: citadela-item and Title: "Поликлиника.ру на Пролетарской" has been purged, triggered by action: save_post 
[2025-12-02 17:32:27 : INFO] - Cache for URL: https://easyins.ru/base/dms-poliklinikaru-proletarka/ has been purged, triggered by action: save_post 
[2025-12-02 17:32:27 : INFO] - Cache for author page URL: https://easyins.ru/author/surrexi_/ associated with post_type: citadela-item and Title: "Поликлиника.ру на Пролетарской" has been purged, triggered by action: save_post 
[2025-12-02 17:32:28 : INFO] - Cache for URL: https://easyins.ru/base/dms-poliklinikaru-proletarka/ has been purged, triggered by action: save_post 
[2025-12-02 17:32:28 : INFO] - Cache for author page URL: https://easyins.ru/author/surrexi_/ associated with post_type: citadela-item and Title: "Поликлиника.ру на Пролетарской" has been purged, triggered by action: save_post 
[2025-12-02 17:33:38 : INFO] - Cache for URL: https://easyins.ru/base/dms-poliklinikaru-suxarevskaya/ has been purged, triggered by action: save_post 
[2025-12-02 17:33:38 : INFO] - Cache for author page URL: https://easyins.ru/author/surrexi_/ associated with post_type: citadela-item and Title: "Поликлиника.ру на Сухаревской" has been purged, triggered by action: save_post 
[2025-12-02 17:33:38 : INFO] - Cache for URL: https://easyins.ru/base/dms-poliklinikaru-suxarevskaya/ has been purged, triggered by action: save_post 
[2025-12-02 17:33:38 : INFO] - Cache for author page URL: https://easyins.ru/author/surrexi_/ associated with post_type: citadela-item and Title: "Поликлиника.ру на Сухаревской" has been purged, triggered by action: save_post 
[2025-12-02 17:39:01 : INFO] - Cache for URL: https://easyins.ru/base/dms-poliklinikaru-suxarevskaya/ has been purged, triggered by action: save_post 
[2025-12-02 17:39:01 : INFO] - Cache for author page URL: https://easyins.ru/author/surrexi_/ associated with post_type: citadela-item and Title: "Поликлиника.ру на Сухаревской" has been purged, triggered by action: save_post 
[2025-12-02 17:39:02 : INFO] - Cache for URL: https://easyins.ru/base/dms-poliklinikaru-suxarevskaya/ has been purged, triggered by action: save_post 
[2025-12-02 17:39:02 : INFO] - Cache for author page URL: https://easyins.ru/author/surrexi_/ associated with post_type: citadela-item and Title: "Поликлиника.ру на Сухаревской" has been purged, triggered by action: save_post 
[2025-12-02 17:46:51 : INFO] - Cache for URL: https://easyins.ru/base/dms-poliklinikaru-suxarevskaya/ has been purged, triggered by action: save_post 
[2025-12-02 17:46:51 : INFO] - Cache for author page URL: https://easyins.ru/author/surrexi_/ associated with post_type: citadela-item and Title: "Поликлиника.ру на Сухаревской" has been purged, triggered by action: save_post 
[2025-12-02 17:46:51 : INFO] - Cache for URL: https://easyins.ru/base/dms-poliklinikaru-suxarevskaya/ has been purged, triggered by action: save_post 
[2025-12-02 17:46:51 : INFO] - Cache for author page URL: https://easyins.ru/author/surrexi_/ associated with post_type: citadela-item and Title: "Поликлиника.ру на Сухаревской" has been purged, triggered by action: save_post 
[2025-12-02 17:47:56 : INFO] - Cache for URL: https://easyins.ru/base/dms-poliklinikaru-taganskaya/ has been purged, triggered by action: save_post 
[2025-12-02 17:47:56 : INFO] - Cache for author page URL: https://easyins.ru/author/surrexi_/ associated with post_type: citadela-item and Title: "Поликлиника.ру на Таганской" has been purged, triggered by action: save_post 
[2025-12-02 17:47:56 : INFO] - Cache for URL: https://easyins.ru/base/dms-poliklinikaru-taganskaya/ has been purged, triggered by action: save_post 
[2025-12-02 17:47:56 : INFO] - Cache for author page URL: https://easyins.ru/author/surrexi_/ associated with post_type: citadela-item and Title: "Поликлиника.ру на Таганской" has been purged, triggered by action: save_post 
[2025-12-02 17:48:42 : INFO] - Cache for URL: https://easyins.ru/base/dms-poliklinikaru-taganskaya/ has been purged, triggered by action: save_post 
[2025-12-02 17:48:42 : INFO] - Cache for author page URL: https://easyins.ru/author/surrexi_/ associated with post_type: citadela-item and Title: "Поликлиника.ру на Таганской" has been purged, triggered by action: save_post 
[2025-12-02 17:48:43 : INFO] - Cache for URL: https://easyins.ru/base/dms-poliklinikaru-taganskaya/ has been purged, triggered by action: save_post 
[2025-12-02 17:48:43 : INFO] - Cache for author page URL: https://easyins.ru/author/surrexi_/ associated with post_type: citadela-item and Title: "Поликлиника.ру на Таганской" has been purged, triggered by action: save_post 
[2025-12-02 17:51:54 : INFO] - Cache for URL: https://easyins.ru/citadela-subscriptions/ has been purged, triggered by action: save_post 
[2025-12-02 17:51:54 : INFO] - Cache for author page URL: https://easyins.ru/author/surrexi_/ associated with post_type: page and Title: "Citadela Listing Subscriptions" has been purged, triggered by action: save_post 
[2025-12-02 17:51:55 : INFO] - Cache for URL: https://easyins.ru/citadela-subscriptions/ has been purged, triggered by action: save_post 
[2025-12-02 17:51:55 : INFO] - Cache for author page URL: https://easyins.ru/author/surrexi_/ associated with post_type: page and Title: "Citadela Listing Subscriptions" has been purged, triggered by action: save_post 
[2025-12-02 18:41:58 : INFO] - Cache for URL: https://easyins.ru/default-search-results-page/ has been purged, triggered by action: save_post 
[2025-12-02 18:41:58 : INFO] - Cache for URL: https://easyins.ru/default-search-results-page/ has been purged, triggered by action: save_post 
[2025-12-02 18:48:06 : INFO] - Cache for URL: https://easyins.ru/default-search-results-page/ has been purged, triggered by action: save_post 
[2025-12-02 18:48:07 : INFO] - Cache for URL: https://easyins.ru/default-search-results-page/ has been purged, triggered by action: save_post 
[2025-12-02 19:01:38 : INFO] - Cache for URL: https://easyins.ru/default-search-results-page/ has been purged, triggered by action: save_post 
[2025-12-02 19:01:38 : INFO] - Cache for URL: https://easyins.ru/default-search-results-page/ has been purged, triggered by action: save_post 
[2025-12-02 19:02:43 : INFO] - Cache for URL: https://easyins.ru/default-search-results-page/ has been purged, triggered by action: save_post 
[2025-12-02 19:02:43 : INFO] - Cache for URL: https://easyins.ru/default-search-results-page/ has been purged, triggered by action: save_post 
[2025-12-02 19:03:17 : INFO] - Cache for URL: https://easyins.ru/default-search-results-page/ has been purged, triggered by action: save_post 
[2025-12-02 19:03:18 : INFO] - Cache for URL: https://easyins.ru/default-search-results-page/ has been purged, triggered by action: save_post 
[2025-12-02 19:08:30 : INFO] - Cache for URL: https://easyins.ru/default-search-results-page/ has been purged, triggered by action: save_post 
[2025-12-02 19:08:30 : INFO] - Cache for URL: https://easyins.ru/default-search-results-page/ has been purged, triggered by action: save_post 
[2025-12-02 19:09:54 : INFO] - Cache for term page with URL: https://easyins.ru/cat/adult-lpu/  have been purged, triggered by action: edit_terms 
[2025-12-02 19:09:54 : INFO] - Cache for associated posts for term with URL: https://easyins.ru/cat/adult-lpu/ have been purged, triggered by action: edit_terms 
[2025-12-02 19:10:34 : INFO] - Cache for term page with URL: https://easyins.ru/cat/adult-lpu/  have been purged, triggered by action: edit_terms 
[2025-12-02 19:10:34 : INFO] - Cache for associated posts for term with URL: https://easyins.ru/cat/adult-lpu/ have been purged, triggered by action: edit_terms 
[2025-12-02 19:11:43 : INFO] - Cache for URL: https://easyins.ru/default-search-results-page/ has been purged, triggered by action: save_post 
[2025-12-02 19:11:44 : INFO] - Cache for URL: https://easyins.ru/default-search-results-page/ has been purged, triggered by action: save_post 
[2025-12-02 19:23:28 : INFO] - Cache for URL: https://easyins.ru/default-search-results-page/ has been purged, triggered by action: save_post 
[2025-12-02 19:23:28 : INFO] - Cache for URL: https://easyins.ru/default-search-results-page/ has been purged, triggered by action: save_post 
[2025-12-02 19:24:05 : INFO] - Cache for URL: https://easyins.ru/default-search-results/ has been purged, triggered by action: save_post 
[2025-12-02 19:24:06 : INFO] - Cache for URL: https://easyins.ru/default-search-results/ has been purged, triggered by action: save_post 
[2025-12-02 19:35:29 : INFO] - Cache for URL: https://easyins.ru/default-search-results-page/ has been purged, triggered by action: save_post 
[2025-12-02 19:35:29 : INFO] - Cache for URL: https://easyins.ru/default-search-results-page/ has been purged, triggered by action: save_post 
[2025-12-02 19:36:15 : INFO] - Cache for URL: https://easyins.ru/default-search-results-page/ has been purged, triggered by action: save_post 
[2025-12-02 19:36:15 : INFO] - Cache for URL: https://easyins.ru/default-search-results-page/ has been purged, triggered by action: save_post 
[2025-12-02 19:53:07 : INFO] - Full Cache Purge triggered by: plugin activation/deactivation 
[2025-12-02 19:54:55 : INFO] - Cache for URL: https://easyins.ru/default-search-results-page/ has been purged, triggered by action: save_post 
[2025-12-02 19:54:56 : INFO] - Cache for URL: https://easyins.ru/default-search-results-page/ has been purged, triggered by action: save_post 
[2025-12-02 20:07:50 : INFO] - Cache for URL: https://easyins.ru/base/dms-poliklinikaru-yangelya/ has been purged, triggered by action: save_post 
[2025-12-02 20:07:50 : INFO] - Cache for author page URL: https://easyins.ru/author/surrexi_/ associated with post_type: citadela-item and Title: "Поликлиника.ру на Янгеля" has been purged, triggered by action: save_post 
[2025-12-02 20:07:50 : INFO] - Cache for URL: https://easyins.ru/base/dms-poliklinikaru-yangelya/ has been purged, triggered by action: save_post 
[2025-12-02 20:07:50 : INFO] - Cache for author page URL: https://easyins.ru/author/surrexi_/ associated with post_type: citadela-item and Title: "Поликлиника.ру на Янгеля" has been purged, triggered by action: save_post 
[2025-12-02 20:16:04 : INFO] - Pruning the Cache log file 
[2025-12-02 20:17:40 : INFO] - Full Cache Purge triggered by action: wpo_active_plugin_or_theme_updated 
[2025-12-03 13:57:53 : INFO] - Cache for term page with URL: https://easyins.ru/cat/adult-lpu/  have been purged, triggered by action: edit_terms 
[2025-12-03 13:57:53 : INFO] - Cache for associated posts for term with URL: https://easyins.ru/cat/adult-lpu/ have been purged, triggered by action: edit_terms 
[2025-12-03 13:58:27 : INFO] - Cache for term page with URL: https://easyins.ru/cat/adult-hospital/  have been purged, triggered by action: edit_terms 
[2025-12-03 13:58:51 : INFO] - Cache for term page with URL: https://easyins.ru/cat/roodom/  have been purged, triggered by action: edit_terms 
[2025-12-03 13:59:16 : INFO] - Cache for term page with URL: https://easyins.ru/cat/children-lpu/  have been purged, triggered by action: edit_terms 
[2025-12-03 13:59:16 : INFO] - Cache for associated posts for term with URL: https://easyins.ru/cat/children-lpu/ have been purged, triggered by action: edit_terms 
[2025-12-03 13:59:37 : INFO] - Cache for term page with URL: https://easyins.ru/cat/childrens-hospital/  have been purged, triggered by action: edit_terms 
[2025-12-03 13:59:54 : INFO] - Cache for term page with URL: https://easyins.ru/cat/childrens-hospital/  have been purged, triggered by action: edit_terms 
[2025-12-03 14:00:18 : INFO] - Cache for term page with URL: https://easyins.ru/cat/adult-dent/  have been purged, triggered by action: edit_terms 
[2025-12-03 14:00:18 : INFO] - Cache for associated posts for term with URL: https://easyins.ru/cat/adult-dent/ have been purged, triggered by action: edit_terms 
[2025-12-03 14:01:37 : INFO] - Cache for term page with URL: https://easyins.ru/cat/childrens-dent/  have been purged, triggered by action: edit_terms 
[2025-12-03 14:01:37 : INFO] - Cache for associated posts for term with URL: https://easyins.ru/cat/childrens-dent/ have been purged, triggered by action: edit_terms 
[2025-12-03 14:33:38 : INFO] - Full Cache Purge triggered by: WPO_Page_Cache::disable 
[2025-12-03 14:33:38 : INFO] - Pruning the Cache log file 
[2025-12-03 15:20:06 : INFO] - Cache for term page with URL: https://easyins.ru/cat/telemedicina/  have been purged, triggered by action: edit_terms 
[2025-12-03 15:20:22 : INFO] - Cache for term page with URL: https://easyins.ru/cat/pregn/  have been purged, triggered by action: edit_terms 
[2025-12-03 15:20:42 : INFO] - Cache for term page with URL: https://easyins.ru/cat/pnd/  have been purged, triggered by action: edit_terms 
[2025-12-03 15:21:20 : INFO] - Cache for term page with URL: https://easyins.ru/cat/deadly-disease/  have been purged, triggered by action: edit_terms 
[2025-12-03 15:21:29 : INFO] - Cache for term page with URL: https://easyins.ru/cat/deadly-disease/  have been purged, triggered by action: edit_terms 
[2025-12-03 15:22:04 : INFO] - Cache for term page with URL: https://easyins.ru/cat/rody/  have been purged, triggered by action: edit_terms 
[2025-12-03 15:22:32 : INFO] - Cache for term page with URL: https://easyins.ru/cat/check-up/  have been purged, triggered by action: edit_terms 
[2025-12-03 15:22:52 : INFO] - Cache for term page with URL: https://easyins.ru/cat/smp/  have been purged, triggered by action: edit_terms 
[2025-12-03 15:23:09 : INFO] - Cache for term page with URL: https://easyins.ru/cat/stomatologiya/  have been purged, triggered by action: edit_terms 
[2025-12-03 15:23:28 : INFO] - Cache for term page with URL: https://easyins.ru/cat/stacionar-ekstr/  have been purged, triggered by action: edit_terms 
[2025-12-03 15:33:04 : INFO] - Cache for URL: https://easyins.ru/base/dms-poliklinikaru-polyanka/ has been purged, triggered by action: save_post 
[2025-12-03 15:33:04 : INFO] - Cache for author page URL: https://easyins.ru/author/surrexi_/ associated with post_type: citadela-item and Title: "Поликлиника.ру на Полянке" has been purged, triggered by action: save_post 
[2025-12-03 15:33:04 : INFO] - Cache for URL: https://easyins.ru/base/dms-poliklinikaru-polyanka/ has been purged, triggered by action: save_post 
[2025-12-03 15:33:04 : INFO] - Cache for author page URL: https://easyins.ru/author/surrexi_/ associated with post_type: citadela-item and Title: "Поликлиника.ру на Полянке" has been purged, triggered by action: save_post 
[2025-12-03 15:34:18 : INFO] - Cache for URL: https://easyins.ru/base/dms-poliklinikaru-polyanka/ has been purged, triggered by action: save_post 
[2025-12-03 15:34:18 : INFO] - Cache for author page URL: https://easyins.ru/author/surrexi_/ associated with post_type: citadela-item and Title: "Поликлиника.ру на Полянке" has been purged, triggered by action: save_post 
[2025-12-03 15:34:19 : INFO] - Cache for URL: https://easyins.ru/base/dms-poliklinikaru-polyanka/ has been purged, triggered by action: save_post 
[2025-12-03 15:34:19 : INFO] - Cache for author page URL: https://easyins.ru/author/surrexi_/ associated with post_type: citadela-item and Title: "Поликлиника.ру на Полянке" has been purged, triggered by action: save_post 
[2025-12-03 15:36:44 : INFO] - Cache for URL: https://easyins.ru/base/dms-poliklinikaru-proletarka/ has been purged, triggered by action: save_post 
[2025-12-03 15:36:44 : INFO] - Cache for author page URL: https://easyins.ru/author/surrexi_/ associated with post_type: citadela-item and Title: "Поликлиника.ру на Пролетарской" has been purged, triggered by action: save_post 
[2025-12-03 15:36:45 : INFO] - Cache for URL: https://easyins.ru/base/dms-poliklinikaru-proletarka/ has been purged, triggered by action: save_post 
[2025-12-03 15:36:45 : INFO] - Cache for author page URL: https://easyins.ru/author/surrexi_/ associated with post_type: citadela-item and Title: "Поликлиника.ру на Пролетарской" has been purged, triggered by action: save_post 
[2025-12-03 15:37:35 : INFO] - Cache for URL: https://easyins.ru/base/dms-poliklinikaru-polyanka/ has been purged, triggered by action: save_post 
[2025-12-03 15:37:35 : INFO] - Cache for author page URL: https://easyins.ru/author/surrexi_/ associated with post_type: citadela-item and Title: "Поликлиника.ру на Полянке" has been purged, triggered by action: save_post 
[2025-12-03 15:37:36 : INFO] - Cache for URL: https://easyins.ru/base/dms-poliklinikaru-polyanka/ has been purged, triggered by action: save_post 
[2025-12-03 15:37:36 : INFO] - Cache for author page URL: https://easyins.ru/author/surrexi_/ associated with post_type: citadela-item and Title: "Поликлиника.ру на Полянке" has been purged, triggered by action: save_post 
[2025-12-03 15:38:41 : INFO] - Cache for URL: https://easyins.ru/base/dms-poliklinikaru-polyanka/ has been purged, triggered by action: save_post 
[2025-12-03 15:38:41 : INFO] - Cache for author page URL: https://easyins.ru/author/surrexi_/ associated with post_type: citadela-item and Title: "Поликлиника.ру на Полянке" has been purged, triggered by action: save_post 
[2025-12-03 15:38:41 : INFO] - Cache for URL: https://easyins.ru/base/dms-poliklinikaru-polyanka/ has been purged, triggered by action: save_post 
[2025-12-03 15:38:41 : INFO] - Cache for author page URL: https://easyins.ru/author/surrexi_/ associated with post_type: citadela-item and Title: "Поликлиника.ру на Полянке" has been purged, triggered by action: save_post 
[2025-12-03 15:38:57 : INFO] - Cache for URL: https://easyins.ru/base/dms-poliklinikaru-proletarka/ has been purged, triggered by action: save_post 
[2025-12-03 15:38:57 : INFO] - Cache for author page URL: https://easyins.ru/author/surrexi_/ associated with post_type: citadela-item and Title: "Поликлиника.ру на Пролетарской" has been purged, triggered by action: save_post 
[2025-12-03 15:38:58 : INFO] - Cache for URL: https://easyins.ru/base/dms-poliklinikaru-proletarka/ has been purged, triggered by action: save_post 
[2025-12-03 15:38:58 : INFO] - Cache for author page URL: https://easyins.ru/author/surrexi_/ associated with post_type: citadela-item and Title: "Поликлиника.ру на Пролетарской" has been purged, triggered by action: save_post 
[2025-12-03 15:39:05 : INFO] - Cache for URL: https://easyins.ru/base/dms-poliklinikaru-polyanka/ has been purged, triggered by action: save_post 
[2025-12-03 15:39:05 : INFO] - Cache for author page URL: https://easyins.ru/author/surrexi_/ associated with post_type: citadela-item and Title: "Поликлиника.ру на Полянке" has been purged, triggered by action: save_post 
[2025-12-03 15:39:06 : INFO] - Cache for URL: https://easyins.ru/base/dms-poliklinikaru-polyanka/ has been purged, triggered by action: save_post 
[2025-12-03 15:39:06 : INFO] - Cache for author page URL: https://easyins.ru/author/surrexi_/ associated with post_type: citadela-item and Title: "Поликлиника.ру на Полянке" has been purged, triggered by action: save_post 
[2025-12-03 15:40:21 : INFO] - Cache for URL: https://easyins.ru/base/dms-poliklinikaru-suxarevskaya/ has been purged, triggered by action: save_post 
[2025-12-03 15:40:21 : INFO] - Cache for author page URL: https://easyins.ru/author/surrexi_/ associated with post_type: citadela-item and Title: "Поликлиника.ру на Сухаревской" has been purged, triggered by action: save_post 
[2025-12-03 15:40:21 : INFO] - Cache for URL: https://easyins.ru/base/dms-poliklinikaru-suxarevskaya/ has been purged, triggered by action: save_post 
[2025-12-03 15:40:21 : INFO] - Cache for author page URL: https://easyins.ru/author/surrexi_/ associated with post_type: citadela-item and Title: "Поликлиника.ру на Сухаревской" has been purged, triggered by action: save_post 
[2025-12-03 15:40:39 : INFO] - Cache for URL: https://easyins.ru/base/dms-poliklinikaru-suxarevskaya/ has been purged, triggered by action: save_post 
[2025-12-03 15:40:39 : INFO] - Cache for author page URL: https://easyins.ru/author/surrexi_/ associated with post_type: citadela-item and Title: "Поликлиника.ру на Сухаревской" has been purged, triggered by action: save_post 
[2025-12-03 15:40:40 : INFO] - Cache for URL: https://easyins.ru/base/dms-poliklinikaru-suxarevskaya/ has been purged, triggered by action: save_post 
[2025-12-03 15:40:40 : INFO] - Cache for author page URL: https://easyins.ru/author/surrexi_/ associated with post_type: citadela-item and Title: "Поликлиника.ру на Сухаревской" has been purged, triggered by action: save_post 
[2025-12-03 15:41:17 : INFO] - Cache for URL: https://easyins.ru/base/dms-poliklinikaru-suxarevskaya/ has been purged, triggered by action: save_post 
[2025-12-03 15:41:17 : INFO] - Cache for author page URL: https://easyins.ru/author/surrexi_/ associated with post_type: citadela-item and Title: "Поликлиника.ру на Сухаревской" has been purged, triggered by action: save_post 
[2025-12-03 15:41:17 : INFO] - Cache for URL: https://easyins.ru/base/dms-poliklinikaru-suxarevskaya/ has been purged, triggered by action: save_post 
[2025-12-03 15:41:17 : INFO] - Cache for author page URL: https://easyins.ru/author/surrexi_/ associated with post_type: citadela-item and Title: "Поликлиника.ру на Сухаревской" has been purged, triggered by action: save_post 
[2025-12-03 15:42:08 : INFO] - Cache for URL: https://easyins.ru/base/dms-poliklinikaru-proletarka/ has been purged, triggered by action: save_post 
[2025-12-03 15:42:08 : INFO] - Cache for author page URL: https://easyins.ru/author/surrexi_/ associated with post_type: citadela-item and Title: "Поликлиника.ру на Пролетарской" has been purged, triggered by action: save_post 
[2025-12-03 15:42:09 : INFO] - Cache for URL: https://easyins.ru/base/dms-poliklinikaru-proletarka/ has been purged, triggered by action: save_post 
[2025-12-03 15:42:09 : INFO] - Cache for author page URL: https://easyins.ru/author/surrexi_/ associated with post_type: citadela-item and Title: "Поликлиника.ру на Пролетарской" has been purged, triggered by action: save_post 
[2025-12-03 15:42:34 : INFO] - Cache for URL: https://easyins.ru/base/dms-poliklinikaru-polyanka/ has been purged, triggered by action: save_post 
[2025-12-03 15:42:34 : INFO] - Cache for author page URL: https://easyins.ru/author/surrexi_/ associated with post_type: citadela-item and Title: "Поликлиника.ру на Полянке" has been purged, triggered by action: save_post 
[2025-12-03 15:42:35 : INFO] - Cache for URL: https://easyins.ru/base/dms-poliklinikaru-polyanka/ has been purged, triggered by action: save_post 
[2025-12-03 15:42:35 : INFO] - Cache for author page URL: https://easyins.ru/author/surrexi_/ associated with post_type: citadela-item and Title: "Поликлиника.ру на Полянке" has been purged, triggered by action: save_post 
[2025-12-03 15:43:59 : INFO] - Cache for URL: https://easyins.ru/base/dms-poliklinikaru-taganskaya/ has been purged, triggered by action: save_post 
[2025-12-03 15:43:59 : INFO] - Cache for author page URL: https://easyins.ru/author/surrexi_/ associated with post_type: citadela-item and Title: "Поликлиника.ру на Таганской" has been purged, triggered by action: save_post 
[2025-12-03 15:43:59 : INFO] - Cache for URL: https://easyins.ru/base/dms-poliklinikaru-taganskaya/ has been purged, triggered by action: save_post 
[2025-12-03 15:43:59 : INFO] - Cache for author page URL: https://easyins.ru/author/surrexi_/ associated with post_type: citadela-item and Title: "Поликлиника.ру на Таганской" has been purged, triggered by action: save_post 
[2025-12-03 15:45:28 : INFO] - Cache for URL: https://easyins.ru/base/dms-poliklinikaru-polyanka/ has been purged, triggered by action: save_post 
[2025-12-03 15:45:28 : INFO] - Cache for author page URL: https://easyins.ru/author/surrexi_/ associated with post_type: citadela-item and Title: "Поликлиника.ру на Полянке" has been purged, triggered by action: save_post 
[2025-12-03 15:45:29 : INFO] - Cache for URL: https://easyins.ru/base/dms-poliklinikaru-polyanka/ has been purged, triggered by action: save_post 
[2025-12-03 15:45:29 : INFO] - Cache for author page URL: https://easyins.ru/author/surrexi_/ associated with post_type: citadela-item and Title: "Поликлиника.ру на Полянке" has been purged, triggered by action: save_post 
[2025-12-03 15:46:20 : INFO] - Cache for URL: https://easyins.ru/base/dms-poliklinikaru-krasnye-vorota/ has been purged, triggered by action: save_post 
[2025-12-03 15:46:20 : INFO] - Cache for author page URL: https://easyins.ru/author/surrexi_/ associated with post_type: citadela-item and Title: "Поликлиника.ру на Красных Воротах" has been purged, triggered by action: save_post 
[2025-12-03 15:46:20 : INFO] - Cache for URL: https://easyins.ru/base/dms-poliklinikaru-krasnye-vorota/ has been purged, triggered by action: save_post 
[2025-12-03 15:46:20 : INFO] - Cache for author page URL: https://easyins.ru/author/surrexi_/ associated with post_type: citadela-item and Title: "Поликлиника.ру на Красных Воротах" has been purged, triggered by action: save_post 
[2025-12-03 15:47:23 : INFO] - Cache for URL: https://easyins.ru/base/dms-poliklinikaru-krasnye-vorota/ has been purged, triggered by action: save_post 
[2025-12-03 15:47:23 : INFO] - Cache for author page URL: https://easyins.ru/author/surrexi_/ associated with post_type: citadela-item and Title: "Поликлиника.ру на Красных Воротах" has been purged, triggered by action: save_post 
[2025-12-03 15:47:24 : INFO] - Cache for URL: https://easyins.ru/base/dms-poliklinikaru-krasnye-vorota/ has been purged, triggered by action: save_post 
[2025-12-03 15:47:24 : INFO] - Cache for author page URL: https://easyins.ru/author/surrexi_/ associated with post_type: citadela-item and Title: "Поликлиника.ру на Красных Воротах" has been purged, triggered by action: save_post 
[2025-12-03 15:48:21 : INFO] - Cache for URL: https://easyins.ru/base/dms-poliklinikaru-krasnye-vorota/ has been purged, triggered by action: save_post 
[2025-12-03 15:48:21 : INFO] - Cache for author page URL: https://easyins.ru/author/surrexi_/ associated with post_type: citadela-item and Title: "Поликлиника.ру на Красных Воротах" has been purged, triggered by action: save_post 
[2025-12-03 15:48:21 : INFO] - Cache for URL: https://easyins.ru/base/dms-poliklinikaru-krasnye-vorota/ has been purged, triggered by action: save_post 
[2025-12-03 15:48:21 : INFO] - Cache for author page URL: https://easyins.ru/author/surrexi_/ associated with post_type: citadela-item and Title: "Поликлиника.ру на Красных Воротах" has been purged, triggered by action: save_post 
[2025-12-03 16:01:47 : INFO] - Cache for URL: https://easyins.ru/base/dms-poliklinikaru-avtozavodskaya/ has been purged, triggered by action: save_post 
[2025-12-03 16:01:47 : INFO] - Cache for author page URL: https://easyins.ru/author/surrexi_/ associated with post_type: citadela-item and Title: "Поликлиника.ру на Автозаводской" has been purged, triggered by action: save_post 
[2025-12-03 16:01:48 : INFO] - Cache for URL: https://easyins.ru/base/dms-poliklinikaru-avtozavodskaya/ has been purged, triggered by action: save_post 
[2025-12-03 16:01:48 : INFO] - Cache for author page URL: https://easyins.ru/author/surrexi_/ associated with post_type: citadela-item and Title: "Поликлиника.ру на Автозаводской" has been purged, triggered by action: save_post 
[2025-12-03 16:41:06 : INFO] - Cache for URL: https://easyins.ru/base/dms-poliklinikaru-avtozavodskaya/ has been purged, triggered by action: save_post 
[2025-12-03 16:41:06 : INFO] - Cache for author page URL: https://easyins.ru/author/surrexi_/ associated with post_type: citadela-item and Title: "Поликлиника.ру на Автозаводской" has been purged, triggered by action: save_post 
[2025-12-03 16:41:07 : INFO] - Cache for URL: https://easyins.ru/base/dms-poliklinikaru-avtozavodskaya/ has been purged, triggered by action: save_post 
[2025-12-03 16:41:07 : INFO] - Cache for author page URL: https://easyins.ru/author/surrexi_/ associated with post_type: citadela-item and Title: "Поликлиника.ру на Автозаводской" has been purged, triggered by action: save_post 
[2025-12-03 16:44:14 : INFO] - Cache for URL: https://easyins.ru/base/dms-poliklinikaru-1905/ has been purged, triggered by action: save_post 
[2025-12-03 16:44:14 : INFO] - Cache for author page URL: https://easyins.ru/author/surrexi_/ associated with post_type: citadela-item and Title: "Поликлиника.ру на 1905 года" has been purged, triggered by action: save_post 
[2025-12-03 16:44:14 : INFO] - Cache for URL: https://easyins.ru/base/dms-poliklinikaru-1905/ has been purged, triggered by action: save_post 
[2025-12-03 16:44:14 : INFO] - Cache for author page URL: https://easyins.ru/author/surrexi_/ associated with post_type: citadela-item and Title: "Поликлиника.ру на 1905 года" has been purged, triggered by action: save_post 
[2025-12-03 16:44:50 : INFO] - Cache for URL: https://easyins.ru/base/dms-poliklinikaru-1905/ has been purged, triggered by action: save_post 
[2025-12-03 16:44:50 : INFO] - Cache for author page URL: https://easyins.ru/author/surrexi_/ associated with post_type: citadela-item and Title: "Поликлиника.ру на 1905 года" has been purged, triggered by action: save_post 
[2025-12-03 16:44:50 : INFO] - Cache for URL: https://easyins.ru/base/dms-poliklinikaru-1905/ has been purged, triggered by action: save_post 
[2025-12-03 16:44:50 : INFO] - Cache for author page URL: https://easyins.ru/author/surrexi_/ associated with post_type: citadela-item and Title: "Поликлиника.ру на 1905 года" has been purged, triggered by action: save_post 
[2025-12-03 16:47:17 : INFO] - Cache for URL: https://easyins.ru/base/dms-poliklinikaru-yangelya/ has been purged, triggered by action: save_post 
[2025-12-03 16:47:17 : INFO] - Cache for author page URL: https://easyins.ru/author/surrexi_/ associated with post_type: citadela-item and Title: "Поликлиника.ру на Янгеля" has been purged, triggered by action: save_post 
[2025-12-03 16:47:18 : INFO] - Cache for URL: https://easyins.ru/base/dms-poliklinikaru-yangelya/ has been purged, triggered by action: save_post 
[2025-12-03 16:47:18 : INFO] - Cache for author page URL: https://easyins.ru/author/surrexi_/ associated with post_type: citadela-item and Title: "Поликлиника.ру на Янгеля" has been purged, triggered by action: save_post 
[2025-12-03 16:50:27 : INFO] - Cache for URL: https://easyins.ru/base/dms-poliklinikaru-yangelya/ has been purged, triggered by action: save_post 
[2025-12-03 16:50:27 : INFO] - Cache for author page URL: https://easyins.ru/author/surrexi_/ associated with post_type: citadela-item and Title: "Поликлиника.ру на Янгеля" has been purged, triggered by action: save_post 
[2025-12-03 16:50:28 : INFO] - Cache for URL: https://easyins.ru/base/dms-poliklinikaru-yangelya/ has been purged, triggered by action: save_post 
[2025-12-03 16:50:28 : INFO] - Cache for author page URL: https://easyins.ru/author/surrexi_/ associated with post_type: citadela-item and Title: "Поликлиника.ру на Янгеля" has been purged, triggered by action: save_post 
[2025-12-03 16:51:14 : INFO] - Cache for URL: https://easyins.ru/base/dms-poliklinikaru-yangelya/ has been purged, triggered by action: save_post 
[2025-12-03 16:51:14 : INFO] - Cache for author page URL: https://easyins.ru/author/surrexi_/ associated with post_type: citadela-item and Title: "Поликлиника.ру на Янгеля" has been purged, triggered by action: save_post 
[2025-12-03 16:51:15 : INFO] - Cache for URL: https://easyins.ru/base/dms-poliklinikaru-yangelya/ has been purged, triggered by action: save_post 
[2025-12-03 16:51:15 : INFO] - Cache for author page URL: https://easyins.ru/author/surrexi_/ associated with post_type: citadela-item and Title: "Поликлиника.ру на Янгеля" has been purged, triggered by action: save_post 
[2025-12-03 16:54:24 : INFO] - Cache for URL: https://easyins.ru/base/dms-poliklinikaru-smolenskaya/ has been purged, triggered by action: save_post 
[2025-12-03 16:54:24 : INFO] - Cache for author page URL: https://easyins.ru/author/surrexi_/ associated with post_type: citadela-item and Title: "Поликлиника.ру на Смоленской" has been purged, triggered by action: save_post 
[2025-12-03 16:54:24 : INFO] - Cache for URL: https://easyins.ru/base/dms-poliklinikaru-smolenskaya/ has been purged, triggered by action: save_post 
[2025-12-03 16:54:24 : INFO] - Cache for author page URL: https://easyins.ru/author/surrexi_/ associated with post_type: citadela-item and Title: "Поликлиника.ру на Смоленской" has been purged, triggered by action: save_post 
[2025-12-03 16:54:32 : INFO] - Cache for URL: https://easyins.ru/base/dms-poliklinikaru-smolenskaya/ has been purged, triggered by action: save_post 
[2025-12-03 16:54:32 : INFO] - Cache for author page URL: https://easyins.ru/author/surrexi_/ associated with post_type: citadela-item and Title: "Поликлиника.ру на Смоленской" has been purged, triggered by action: save_post 
[2025-12-03 16:54:32 : INFO] - Cache for URL: https://easyins.ru/base/dms-poliklinikaru-smolenskaya/ has been purged, triggered by action: save_post 
[2025-12-03 16:54:32 : INFO] - Cache for author page URL: https://easyins.ru/author/surrexi_/ associated with post_type: citadela-item and Title: "Поликлиника.ру на Смоленской" has been purged, triggered by action: save_post 
[2025-12-03 16:56:32 : INFO] - Cache for URL: https://easyins.ru/base/dms-poliklinikaru-smolenskaya/ has been purged, triggered by action: save_post 
[2025-12-03 16:56:32 : INFO] - Cache for author page URL: https://easyins.ru/author/surrexi_/ associated with post_type: citadela-item and Title: "Поликлиника.ру на Смоленской" has been purged, triggered by action: save_post 
[2025-12-03 16:56:33 : INFO] - Cache for URL: https://easyins.ru/base/dms-poliklinikaru-smolenskaya/ has been purged, triggered by action: save_post 
[2025-12-03 16:56:33 : INFO] - Cache for author page URL: https://easyins.ru/author/surrexi_/ associated with post_type: citadela-item and Title: "Поликлиника.ру на Смоленской" has been purged, triggered by action: save_post 
[2025-12-03 16:57:33 : INFO] - Cache for URL: https://easyins.ru/base/dms-poliklinikaru-smolenskaya/ has been purged, triggered by action: save_post 
[2025-12-03 16:57:33 : INFO] - Cache for author page URL: https://easyins.ru/author/surrexi_/ associated with post_type: citadela-item and Title: "Поликлиника.ру на Смоленской" has been purged, triggered by action: save_post 
[2025-12-03 16:57:33 : INFO] - Cache for URL: https://easyins.ru/base/dms-poliklinikaru-smolenskaya/ has been purged, triggered by action: save_post 
[2025-12-03 16:57:33 : INFO] - Cache for author page URL: https://easyins.ru/author/surrexi_/ associated with post_type: citadela-item and Title: "Поликлиника.ру на Смоленской" has been purged, triggered by action: save_post 
[2025-12-03 17:00:51 : INFO] - Cache for URL: https://easyins.ru/base/dms-poliklinikaru-smolenskaya/ has been purged, triggered by action: save_post 
[2025-12-03 17:00:51 : INFO] - Cache for author page URL: https://easyins.ru/author/surrexi_/ associated with post_type: citadela-item and Title: "Поликлиника.ру на Смоленской" has been purged, triggered by action: save_post 
[2025-12-03 17:00:51 : INFO] - Cache for URL: https://easyins.ru/base/dms-poliklinikaru-smolenskaya/ has been purged, triggered by action: save_post 
[2025-12-03 17:00:51 : INFO] - Cache for author page URL: https://easyins.ru/author/surrexi_/ associated with post_type: citadela-item and Title: "Поликлиника.ру на Смоленской" has been purged, triggered by action: save_post 
[2025-12-03 17:17:22 : INFO] - Cache for URL: https://easyins.ru/base/dms-poliklinikaru-frunzenskaya/ has been purged, triggered by action: save_post 
[2025-12-03 17:17:22 : INFO] - Cache for author page URL: https://easyins.ru/author/surrexi_/ associated with post_type: citadela-item and Title: "Поликлиника.ру на Фрунзенской" has been purged, triggered by action: save_post 
[2025-12-03 17:17:23 : INFO] - Cache for URL: https://easyins.ru/base/dms-poliklinikaru-frunzenskaya/ has been purged, triggered by action: save_post 
[2025-12-03 17:17:23 : INFO] - Cache for author page URL: https://easyins.ru/author/surrexi_/ associated with post_type: citadela-item and Title: "Поликлиника.ру на Фрунзенской" has been purged, triggered by action: save_post 
[2025-12-03 17:23:09 : INFO] - Cache for URL: https://easyins.ru/base/dms-poliklinikaru-zelenograd/ has been purged, triggered by action: save_post 
[2025-12-03 17:23:09 : INFO] - Cache for author page URL: https://easyins.ru/author/surrexi_/ associated with post_type: citadela-item and Title: "Поликлиника.ру в Зеленограде" has been purged, triggered by action: save_post 
[2025-12-03 17:23:10 : INFO] - Cache for URL: https://easyins.ru/base/dms-poliklinikaru-zelenograd/ has been purged, triggered by action: save_post 
[2025-12-03 17:23:10 : INFO] - Cache for author page URL: https://easyins.ru/author/surrexi_/ associated with post_type: citadela-item and Title: "Поликлиника.ру в Зеленограде" has been purged, triggered by action: save_post 
[2025-12-03 17:25:52 : INFO] - Cache for URL: https://easyins.ru/base/dms-poliklinikaru-zelenograd/ has been purged, triggered by action: save_post 
[2025-12-03 17:25:52 : INFO] - Cache for author page URL: https://easyins.ru/author/surrexi_/ associated with post_type: citadela-item and Title: "Поликлиника.ру в Зеленограде" has been purged, triggered by action: save_post 
[2025-12-03 17:25:52 : INFO] - Cache for URL: https://easyins.ru/base/dms-poliklinikaru-zelenograd/ has been purged, triggered by action: save_post 
[2025-12-03 17:25:52 : INFO] - Cache for author page URL: https://easyins.ru/author/surrexi_/ associated with post_type: citadela-item and Title: "Поликлиника.ру в Зеленограде" has been purged, triggered by action: save_post 
[2025-12-03 17:29:27 : INFO] - Cache for URL: https://easyins.ru/base/dms-poliklinikaru-zelenograd/ has been purged, triggered by action: save_post 
[2025-12-03 17:29:27 : INFO] - Cache for author page URL: https://easyins.ru/author/surrexi_/ associated with post_type: citadela-item and Title: "Поликлиника.ру в Зеленограде" has been purged, triggered by action: save_post 
[2025-12-03 17:29:28 : INFO] - Cache for URL: https://easyins.ru/base/dms-poliklinikaru-zelenograd/ has been purged, triggered by action: save_post 
[2025-12-03 17:29:28 : INFO] - Cache for author page URL: https://easyins.ru/author/surrexi_/ associated with post_type: citadela-item and Title: "Поликлиника.ру в Зеленограде" has been purged, triggered by action: save_post 
[2025-12-03 17:39:34 : INFO] - Cache for URL: https://easyins.ru/base/dms-poliklinikaru-polyanka/ has been purged, triggered by action: save_post 
[2025-12-03 17:39:34 : INFO] - Cache for author page URL: https://easyins.ru/author/surrexi_/ associated with post_type: citadela-item and Title: "Поликлиника.ру на Полянке" has been purged, triggered by action: save_post 
[2025-12-03 17:39:35 : INFO] - Cache for URL: https://easyins.ru/base/dms-poliklinikaru-polyanka/ has been purged, triggered by action: save_post 
[2025-12-03 17:39:35 : INFO] - Cache for author page URL: https://easyins.ru/author/surrexi_/ associated with post_type: citadela-item and Title: "Поликлиника.ру на Полянке" has been purged, triggered by action: save_post 
[2025-12-03 17:44:22 : INFO] - Cache for URL: https://easyins.ru/base/dms-poliklinikaru-proletarka/ has been purged, triggered by action: save_post 
[2025-12-03 17:44:22 : INFO] - Cache for author page URL: https://easyins.ru/author/surrexi_/ associated with post_type: citadela-item and Title: "Поликлиника.ру на Пролетарской (КДЦ)" has been purged, triggered by action: save_post 
[2025-12-03 17:44:22 : INFO] - Cache for URL: https://easyins.ru/base/dms-poliklinikaru-proletarka/ has been purged, triggered by action: save_post 
[2025-12-03 17:44:22 : INFO] - Cache for author page URL: https://easyins.ru/author/surrexi_/ associated with post_type: citadela-item and Title: "Поликлиника.ру на Пролетарской (КДЦ)" has been purged, triggered by action: save_post 
[2025-12-03 17:44:30 : INFO] - Cache for URL: https://easyins.ru/base/dms-poliklinikaru-proletarka/ has been purged, triggered by action: save_post 
[2025-12-03 17:44:30 : INFO] - Cache for author page URL: https://easyins.ru/author/surrexi_/ associated with post_type: citadela-item and Title: "Поликлиника.ру на Пролетарской (КДЦ)" has been purged, triggered by action: save_post 
[2025-12-03 17:44:32 : INFO] - Cache for URL: https://easyins.ru/base/dms-poliklinikaru-proletarka/ has been purged, triggered by action: save_post 
[2025-12-03 17:44:32 : INFO] - Cache for author page URL: https://easyins.ru/author/surrexi_/ associated with post_type: citadela-item and Title: "Поликлиника.ру на Пролетарской (КДЦ)" has been purged, triggered by action: save_post 
[2025-12-03 17:45:18 : INFO] - Cache for URL: https://easyins.ru/base/dms-poliklinikaru-proletarka/ has been purged, triggered by action: save_post 
[2025-12-03 17:45:18 : INFO] - Cache for author page URL: https://easyins.ru/author/surrexi_/ associated with post_type: citadela-item and Title: "Поликлиника.ру на Пролетарской (КДЦ)" has been purged, triggered by action: save_post 
[2025-12-03 17:45:18 : INFO] - Cache for URL: https://easyins.ru/base/dms-poliklinikaru-proletarka/ has been purged, triggered by action: save_post 
[2025-12-03 17:45:18 : INFO] - Cache for author page URL: https://easyins.ru/author/surrexi_/ associated with post_type: citadela-item and Title: "Поликлиника.ру на Пролетарской (КДЦ)" has been purged, triggered by action: save_post 
[2025-12-03 17:45:41 : INFO] - Cache for URL: https://easyins.ru/base/dms-poliklinikaru-proletarka/ has been purged, triggered by action: save_post 
[2025-12-03 17:45:41 : INFO] - Cache for author page URL: https://easyins.ru/author/surrexi_/ associated with post_type: citadela-item and Title: "Поликлиника.ру на Пролетарской (КДЦ)" has been purged, triggered by action: save_post 
[2025-12-03 17:45:41 : INFO] - Cache for URL: https://easyins.ru/base/dms-poliklinikaru-proletarka/ has been purged, triggered by action: save_post 
[2025-12-03 17:45:41 : INFO] - Cache for author page URL: https://easyins.ru/author/surrexi_/ associated with post_type: citadela-item and Title: "Поликлиника.ру на Пролетарской (КДЦ)" has been purged, triggered by action: save_post 
[2025-12-03 17:47:35 : INFO] - Cache for URL: https://easyins.ru/base/dms-poliklinikaru-proletarka/ has been purged, triggered by action: save_post 
[2025-12-03 17:47:35 : INFO] - Cache for author page URL: https://easyins.ru/author/surrexi_/ associated with post_type: citadela-item and Title: "Поликлиника.ру на Пролетарской (КДЦ)" has been purged, triggered by action: save_post 
[2025-12-03 17:47:35 : INFO] - Cache for URL: https://easyins.ru/base/dms-poliklinikaru-proletarka/ has been purged, triggered by action: save_post 
[2025-12-03 17:47:35 : INFO] - Cache for author page URL: https://easyins.ru/author/surrexi_/ associated with post_type: citadela-item and Title: "Поликлиника.ру на Пролетарской (КДЦ)" has been purged, triggered by action: save_post 
[2025-12-03 17:51:15 : INFO] - Cache for URL: https://easyins.ru/base/dms-poliklinikaru-proletarka/ has been purged, triggered by action: save_post 
[2025-12-03 17:51:15 : INFO] - Cache for author page URL: https://easyins.ru/author/surrexi_/ associated with post_type: citadela-item and Title: "Поликлиника.ру на Пролетарской (КДЦ)" has been purged, triggered by action: save_post 
[2025-12-03 17:51:16 : INFO] - Cache for URL: https://easyins.ru/base/dms-poliklinikaru-proletarka/ has been purged, triggered by action: save_post 
[2025-12-03 17:51:16 : INFO] - Cache for author page URL: https://easyins.ru/author/surrexi_/ associated with post_type: citadela-item and Title: "Поликлиника.ру на Пролетарской (КДЦ)" has been purged, triggered by action: save_post 
[2025-12-03 17:53:45 : INFO] - Cache for URL: https://easyins.ru/base/dms-poliklinikaru-suxarevskaya/ has been purged, triggered by action: save_post 
[2025-12-03 17:53:45 : INFO] - Cache for author page URL: https://easyins.ru/author/surrexi_/ associated with post_type: citadela-item and Title: "Поликлиника.ру на Сухаревской (КДЦ)" has been purged, triggered by action: save_post 
[2025-12-03 17:53:45 : INFO] - Cache for URL: https://easyins.ru/base/dms-poliklinikaru-suxarevskaya/ has been purged, triggered by action: save_post 
[2025-12-03 17:53:45 : INFO] - Cache for author page URL: https://easyins.ru/author/surrexi_/ associated with post_type: citadela-item and Title: "Поликлиника.ру на Сухаревской (КДЦ)" has been purged, triggered by action: save_post 
[2025-12-03 17:54:30 : INFO] - Cache for URL: https://easyins.ru/base/dms-poliklinikaru-suxarevskaya/ has been purged, triggered by action: save_post 
[2025-12-03 17:54:30 : INFO] - Cache for author page URL: https://easyins.ru/author/surrexi_/ associated with post_type: citadela-item and Title: "Поликлиника.ру на Сухаревской (КДЦ)" has been purged, triggered by action: save_post 
[2025-12-03 17:54:31 : INFO] - Cache for URL: https://easyins.ru/base/dms-poliklinikaru-suxarevskaya/ has been purged, triggered by action: save_post 
[2025-12-03 17:54:31 : INFO] - Cache for author page URL: https://easyins.ru/author/surrexi_/ associated with post_type: citadela-item and Title: "Поликлиника.ру на Сухаревской (КДЦ)" has been purged, triggered by action: save_post 
[2025-12-03 18:02:50 : INFO] - Cache for URL: https://easyins.ru/base/dms-poliklinikaru-proletarka/ has been purged, triggered by action: save_post 
[2025-12-03 18:02:50 : INFO] - Cache for author page URL: https://easyins.ru/author/surrexi_/ associated with post_type: citadela-item and Title: "Поликлиника.ру на Пролетарской (КДЦ)" has been purged, triggered by action: save_post 
[2025-12-03 18:02:51 : INFO] - Cache for URL: https://easyins.ru/base/dms-poliklinikaru-proletarka/ has been purged, triggered by action: save_post 
[2025-12-03 18:02:51 : INFO] - Cache for author page URL: https://easyins.ru/author/surrexi_/ associated with post_type: citadela-item and Title: "Поликлиника.ру на Пролетарской (КДЦ)" has been purged, triggered by action: save_post 
[2025-12-03 18:04:06 : INFO] - Cache for URL: https://easyins.ru/base/dms-poliklinikaru-taganskaya/ has been purged, triggered by action: save_post 
[2025-12-03 18:04:06 : INFO] - Cache for author page URL: https://easyins.ru/author/surrexi_/ associated with post_type: citadela-item and Title: "Поликлиника.ру на Таганской" has been purged, triggered by action: save_post 
[2025-12-03 18:04:06 : INFO] - Cache for URL: https://easyins.ru/base/dms-poliklinikaru-taganskaya/ has been purged, triggered by action: save_post 
[2025-12-03 18:04:06 : INFO] - Cache for author page URL: https://easyins.ru/author/surrexi_/ associated with post_type: citadela-item and Title: "Поликлиника.ру на Таганской" has been purged, triggered by action: save_post 
[2025-12-03 18:05:13 : INFO] - Cache for URL: https://easyins.ru/base/dms-poliklinikaru-taganskaya/ has been purged, triggered by action: save_post 
[2025-12-03 18:05:13 : INFO] - Cache for author page URL: https://easyins.ru/author/surrexi_/ associated with post_type: citadela-item and Title: "Поликлиника.ру на Таганской" has been purged, triggered by action: save_post 
[2025-12-03 18:05:13 : INFO] - Cache for URL: https://easyins.ru/base/dms-poliklinikaru-taganskaya/ has been purged, triggered by action: save_post 
[2025-12-03 18:05:13 : INFO] - Cache for author page URL: https://easyins.ru/author/surrexi_/ associated with post_type: citadela-item and Title: "Поликлиника.ру на Таганской" has been purged, triggered by action: save_post 
[2025-12-03 18:09:08 : INFO] - Cache for URL: https://easyins.ru/base/dms-poliklinikaru-krasnye-vorota/ has been purged, triggered by action: save_post 
[2025-12-03 18:09:08 : INFO] - Cache for author page URL: https://easyins.ru/author/surrexi_/ associated with post_type: citadela-item and Title: "Поликлиника.ру на Красных Воротах" has been purged, triggered by action: save_post 
[2025-12-03 18:09:09 : INFO] - Cache for URL: https://easyins.ru/base/dms-poliklinikaru-krasnye-vorota/ has been purged, triggered by action: save_post 
[2025-12-03 18:09:09 : INFO] - Cache for author page URL: https://easyins.ru/author/surrexi_/ associated with post_type: citadela-item and Title: "Поликлиника.ру на Красных Воротах" has been purged, triggered by action: save_post 
[2025-12-03 18:11:47 : INFO] - Cache for URL: https://easyins.ru/base/dms-poliklinikaru-avtozavodskaya/ has been purged, triggered by action: save_post 
[2025-12-03 18:11:47 : INFO] - Cache for author page URL: https://easyins.ru/author/surrexi_/ associated with post_type: citadela-item and Title: "Поликлиника.ру на Автозаводской" has been purged, triggered by action: save_post 
[2025-12-03 18:11:47 : INFO] - Cache for URL: https://easyins.ru/base/dms-poliklinikaru-avtozavodskaya/ has been purged, triggered by action: save_post 
[2025-12-03 18:11:47 : INFO] - Cache for author page URL: https://easyins.ru/author/surrexi_/ associated with post_type: citadela-item and Title: "Поликлиника.ру на Автозаводской" has been purged, triggered by action: save_post 
[2025-12-03 18:12:45 : INFO] - Cache for URL: https://easyins.ru/base/dms-poliklinikaru-avtozavodskaya/ has been purged, triggered by action: save_post 
[2025-12-03 18:12:45 : INFO] - Cache for author page URL: https://easyins.ru/author/surrexi_/ associated with post_type: citadela-item and Title: "Поликлиника.ру на Автозаводской" has been purged, triggered by action: save_post 
[2025-12-03 18:12:46 : INFO] - Cache for URL: https://easyins.ru/base/dms-poliklinikaru-avtozavodskaya/ has been purged, triggered by action: save_post 
[2025-12-03 18:12:46 : INFO] - Cache for author page URL: https://easyins.ru/author/surrexi_/ associated with post_type: citadela-item and Title: "Поликлиника.ру на Автозаводской" has been purged, triggered by action: save_post 
[2025-12-03 18:17:21 : INFO] - Cache for URL: https://easyins.ru/base/dms-poliklinikaru-1905/ has been purged, triggered by action: save_post 
[2025-12-03 18:17:21 : INFO] - Cache for author page URL: https://easyins.ru/author/surrexi_/ associated with post_type: citadela-item and Title: "Поликлиника.ру на 1905 года" has been purged, triggered by action: save_post 
[2025-12-03 18:17:22 : INFO] - Cache for URL: https://easyins.ru/base/dms-poliklinikaru-1905/ has been purged, triggered by action: save_post 
[2025-12-03 18:17:22 : INFO] - Cache for author page URL: https://easyins.ru/author/surrexi_/ associated with post_type: citadela-item and Title: "Поликлиника.ру на 1905 года" has been purged, triggered by action: save_post 
[2025-12-03 18:17:45 : INFO] - Cache for URL: https://easyins.ru/base/dms-poliklinikaru-1905/ has been purged, triggered by action: save_post 
[2025-12-03 18:17:45 : INFO] - Cache for author page URL: https://easyins.ru/author/surrexi_/ associated with post_type: citadela-item and Title: "Поликлиника.ру на 1905 года" has been purged, triggered by action: save_post 
[2025-12-03 18:17:46 : INFO] - Cache for URL: https://easyins.ru/base/dms-poliklinikaru-1905/ has been purged, triggered by action: save_post 
[2025-12-03 18:17:46 : INFO] - Cache for author page URL: https://easyins.ru/author/surrexi_/ associated with post_type: citadela-item and Title: "Поликлиника.ру на 1905 года" has been purged, triggered by action: save_post 
[2025-12-03 18:17:58 : INFO] - Cache for URL: https://easyins.ru/base/dms-poliklinikaru-1905/ has been purged, triggered by action: save_post 
[2025-12-03 18:17:58 : INFO] - Cache for author page URL: https://easyins.ru/author/surrexi_/ associated with post_type: citadela-item and Title: "Поликлиника.ру на 1905 года" has been purged, triggered by action: save_post 
[2025-12-03 18:17:58 : INFO] - Cache for URL: https://easyins.ru/base/dms-poliklinikaru-1905/ has been purged, triggered by action: save_post 
[2025-12-03 18:17:58 : INFO] - Cache for author page URL: https://easyins.ru/author/surrexi_/ associated with post_type: citadela-item and Title: "Поликлиника.ру на 1905 года" has been purged, triggered by action: save_post 
[2025-12-03 18:23:01 : INFO] - Cache for URL: https://easyins.ru/base/dms-poliklinikaru-yangelya/ has been purged, triggered by action: save_post 
[2025-12-03 18:23:01 : INFO] - Cache for author page URL: https://easyins.ru/author/surrexi_/ associated with post_type: citadela-item and Title: "Поликлиника.ру на Янгеля" has been purged, triggered by action: save_post 
[2025-12-03 18:23:02 : INFO] - Cache for URL: https://easyins.ru/base/dms-poliklinikaru-yangelya/ has been purged, triggered by action: save_post 
[2025-12-03 18:23:02 : INFO] - Cache for author page URL: https://easyins.ru/author/surrexi_/ associated with post_type: citadela-item and Title: "Поликлиника.ру на Янгеля" has been purged, triggered by action: save_post 
[2025-12-03 18:23:57 : INFO] - Cache for URL: https://easyins.ru/base/dms-poliklinikaru-smolenskaya/ has been purged, triggered by action: save_post 
[2025-12-03 18:23:57 : INFO] - Cache for author page URL: https://easyins.ru/author/surrexi_/ associated with post_type: citadela-item and Title: "Поликлиника.ру на Смоленской" has been purged, triggered by action: save_post 
[2025-12-03 18:23:57 : INFO] - Cache for URL: https://easyins.ru/base/dms-poliklinikaru-smolenskaya/ has been purged, triggered by action: save_post 
[2025-12-03 18:23:57 : INFO] - Cache for author page URL: https://easyins.ru/author/surrexi_/ associated with post_type: citadela-item and Title: "Поликлиника.ру на Смоленской" has been purged, triggered by action: save_post 
[2025-12-03 18:25:55 : INFO] - Cache for URL: https://easyins.ru/base/dms-poliklinikaru-smolenskaya/ has been purged, triggered by action: save_post 
[2025-12-03 18:25:55 : INFO] - Cache for author page URL: https://easyins.ru/author/surrexi_/ associated with post_type: citadela-item and Title: "Поликлиника.ру на Смоленской. Зуб.ру" has been purged, triggered by action: save_post 
[2025-12-03 18:25:55 : INFO] - Cache for URL: https://easyins.ru/base/dms-poliklinikaru-smolenskaya/ has been purged, triggered by action: save_post 
[2025-12-03 18:25:55 : INFO] - Cache for author page URL: https://easyins.ru/author/surrexi_/ associated with post_type: citadela-item and Title: "Поликлиника.ру на Смоленской. Зуб.ру" has been purged, triggered by action: save_post 
[2025-12-03 18:26:30 : INFO] - Cache for URL: https://easyins.ru/base/dms-poliklinikaru-smolenskaya/ has been purged, triggered by action: save_post 
[2025-12-03 18:26:30 : INFO] - Cache for author page URL: https://easyins.ru/author/surrexi_/ associated with post_type: citadela-item and Title: "Поликлиника.ру на Смоленской | Зуб.ру" has been purged, triggered by action: save_post 
[2025-12-03 18:26:31 : INFO] - Cache for URL: https://easyins.ru/base/dms-poliklinikaru-smolenskaya/ has been purged, triggered by action: save_post 
[2025-12-03 18:26:31 : INFO] - Cache for author page URL: https://easyins.ru/author/surrexi_/ associated with post_type: citadela-item and Title: "Поликлиника.ру на Смоленской | Зуб.ру" has been purged, triggered by action: save_post 
[2025-12-03 18:27:04 : INFO] - Cache for URL: https://easyins.ru/base/dms-poliklinikaru-smolenskaya/ has been purged, triggered by action: save_post 
[2025-12-03 18:27:04 : INFO] - Cache for author page URL: https://easyins.ru/author/surrexi_/ associated with post_type: citadela-item and Title: "Поликлиника.ру на Смоленской | Зуб.ру" has been purged, triggered by action: save_post 
[2025-12-03 18:27:04 : INFO] - Cache for URL: https://easyins.ru/base/dms-poliklinikaru-smolenskaya/ has been purged, triggered by action: save_post 
[2025-12-03 18:27:04 : INFO] - Cache for author page URL: https://easyins.ru/author/surrexi_/ associated with post_type: citadela-item and Title: "Поликлиника.ру на Смоленской | Зуб.ру" has been purged, triggered by action: save_post 
[2025-12-03 18:31:18 : INFO] - Cache for URL: https://easyins.ru/base/dms-poliklinikaru-frunzenskaya/ has been purged, triggered by action: save_post 
[2025-12-03 18:31:18 : INFO] - Cache for author page URL: https://easyins.ru/author/surrexi_/ associated with post_type: citadela-item and Title: "Поликлиника.ру на Фрунзенской" has been purged, triggered by action: save_post 
[2025-12-03 18:31:19 : INFO] - Cache for URL: https://easyins.ru/base/dms-poliklinikaru-frunzenskaya/ has been purged, triggered by action: save_post 
[2025-12-03 18:31:19 : INFO] - Cache for author page URL: https://easyins.ru/author/surrexi_/ associated with post_type: citadela-item and Title: "Поликлиника.ру на Фрунзенской" has been purged, triggered by action: save_post 
[2025-12-03 18:33:35 : INFO] - Cache for URL: https://easyins.ru/base/dms-poliklinikaru-zelenograd/ has been purged, triggered by action: save_post 
[2025-12-03 18:33:35 : INFO] - Cache for author page URL: https://easyins.ru/author/surrexi_/ associated with post_type: citadela-item and Title: "Поликлиника.ру в Зеленограде" has been purged, triggered by action: save_post 
[2025-12-03 18:33:36 : INFO] - Cache for URL: https://easyins.ru/base/dms-poliklinikaru-zelenograd/ has been purged, triggered by action: save_post 
[2025-12-03 18:33:36 : INFO] - Cache for author page URL: https://easyins.ru/author/surrexi_/ associated with post_type: citadela-item and Title: "Поликлиника.ру в Зеленограде" has been purged, triggered by action: save_post 
[2025-12-03 18:41:25 : INFO] - Cache for URL: https://easyins.ru/base/dms-poliklinikaru-zelenograd/ has been purged, triggered by action: save_post 
[2025-12-03 18:41:25 : INFO] - Cache for author page URL: https://easyins.ru/author/surrexi_/ associated with post_type: citadela-item and Title: "Поликлиника.ру в Зеленограде" has been purged, triggered by action: save_post 
[2025-12-03 18:41:26 : INFO] - Cache for URL: https://easyins.ru/base/dms-poliklinikaru-zelenograd/ has been purged, triggered by action: save_post 
[2025-12-03 18:41:26 : INFO] - Cache for author page URL: https://easyins.ru/author/surrexi_/ associated with post_type: citadela-item and Title: "Поликлиника.ру в Зеленограде" has been purged, triggered by action: save_post 
[2025-12-03 18:42:50 : INFO] - Cache for URL: https://easyins.ru/base/dms-poliklinikaru-polyanka/ has been purged, triggered by action: save_post 
[2025-12-03 18:42:50 : INFO] - Cache for author page URL: https://easyins.ru/author/surrexi_/ associated with post_type: citadela-item and Title: "Поликлиника.ру на Полянке | Зуб.ру" has been purged, triggered by action: save_post 
[2025-12-03 18:42:50 : INFO] - Cache for URL: https://easyins.ru/base/dms-poliklinikaru-polyanka/ has been purged, triggered by action: save_post 
[2025-12-03 18:42:50 : INFO] - Cache for author page URL: https://easyins.ru/author/surrexi_/ associated with post_type: citadela-item and Title: "Поликлиника.ру на Полянке | Зуб.ру" has been purged, triggered by action: save_post 
[2025-12-03 18:43:20 : INFO] - Cache for URL: https://easyins.ru/base/dms-poliklinikaru-polyanka/ has been purged, triggered by action: save_post 
[2025-12-03 18:43:20 : INFO] - Cache for author page URL: https://easyins.ru/author/surrexi_/ associated with post_type: citadela-item and Title: "Поликлиника.ру на Полянке | Зуб.ру" has been purged, triggered by action: save_post 
[2025-12-03 18:43:20 : INFO] - Cache for URL: https://easyins.ru/base/dms-poliklinikaru-polyanka/ has been purged, triggered by action: save_post 
[2025-12-03 18:43:20 : INFO] - Cache for author page URL: https://easyins.ru/author/surrexi_/ associated with post_type: citadela-item and Title: "Поликлиника.ру на Полянке | Зуб.ру" has been purged, triggered by action: save_post 
[2025-12-03 18:48:11 : INFO] - Cache for URL: https://easyins.ru/base/dms-poliklinikaru-proletarka/ has been purged, triggered by action: save_post 
[2025-12-03 18:48:11 : INFO] - Cache for author page URL: https://easyins.ru/author/surrexi_/ associated with post_type: citadela-item and Title: "Поликлиника.ру на Пролетарской (КДЦ) | Зуб.ру" has been purged, triggered by action: save_post 
[2025-12-03 18:48:12 : INFO] - Cache for URL: https://easyins.ru/base/dms-poliklinikaru-proletarka/ has been purged, triggered by action: save_post 
[2025-12-03 18:48:12 : INFO] - Cache for author page URL: https://easyins.ru/author/surrexi_/ associated with post_type: citadela-item and Title: "Поликлиника.ру на Пролетарской (КДЦ) | Зуб.ру" has been purged, triggered by action: save_post 
[2025-12-03 18:48:34 : INFO] - Cache for URL: https://easyins.ru/base/dms-poliklinikaru-suxarevskaya/ has been purged, triggered by action: save_post 
[2025-12-03 18:48:34 : INFO] - Cache for author page URL: https://easyins.ru/author/surrexi_/ associated with post_type: citadela-item and Title: "Поликлиника.ру на Сухаревской (КДЦ) | Зуб.ру" has been purged, triggered by action: save_post 
[2025-12-03 18:48:35 : INFO] - Cache for URL: https://easyins.ru/base/dms-poliklinikaru-suxarevskaya/ has been purged, triggered by action: save_post 
[2025-12-03 18:48:35 : INFO] - Cache for author page URL: https://easyins.ru/author/surrexi_/ associated with post_type: citadela-item and Title: "Поликлиника.ру на Сухаревской (КДЦ) | Зуб.ру" has been purged, triggered by action: save_post 
[2025-12-03 18:49:02 : INFO] - Cache for URL: https://easyins.ru/base/dms-poliklinikaru-suxarevskaya/ has been purged, triggered by action: save_post 
[2025-12-03 18:49:02 : INFO] - Cache for author page URL: https://easyins.ru/author/surrexi_/ associated with post_type: citadela-item and Title: "Поликлиника.ру на Сухаревской (КДЦ) | Зуб.ру" has been purged, triggered by action: save_post 
[2025-12-03 18:49:02 : INFO] - Cache for URL: https://easyins.ru/base/dms-poliklinikaru-suxarevskaya/ has been purged, triggered by action: save_post 
[2025-12-03 18:49:02 : INFO] - Cache for author page URL: https://easyins.ru/author/surrexi_/ associated with post_type: citadela-item and Title: "Поликлиника.ру на Сухаревской (КДЦ) | Зуб.ру" has been purged, triggered by action: save_post 
[2025-12-03 18:50:24 : INFO] - Cache for URL: https://easyins.ru/base/dms-poliklinikaru-suxarevskaya/ has been purged, triggered by action: save_post 
[2025-12-03 18:50:24 : INFO] - Cache for author page URL: https://easyins.ru/author/surrexi_/ associated with post_type: citadela-item and Title: "Поликлиника.ру на Сухаревской (КДЦ) | Зуб.ру" has been purged, triggered by action: save_post 
[2025-12-03 18:50:24 : INFO] - Cache for URL: https://easyins.ru/base/dms-poliklinikaru-suxarevskaya/ has been purged, triggered by action: save_post 
[2025-12-03 18:50:24 : INFO] - Cache for author page URL: https://easyins.ru/author/surrexi_/ associated with post_type: citadela-item and Title: "Поликлиника.ру на Сухаревской (КДЦ) | Зуб.ру" has been purged, triggered by action: save_post 
[2025-12-03 18:51:04 : INFO] - Cache for URL: https://easyins.ru/base/dms-poliklinikaru-taganskaya/ has been purged, triggered by action: save_post 
[2025-12-03 18:51:04 : INFO] - Cache for author page URL: https://easyins.ru/author/surrexi_/ associated with post_type: citadela-item and Title: "Поликлиника.ру на Таганской | Зуб.ру" has been purged, triggered by action: save_post 
[2025-12-03 18:51:04 : INFO] - Cache for URL: https://easyins.ru/base/dms-poliklinikaru-taganskaya/ has been purged, triggered by action: save_post 
[2025-12-03 18:51:04 : INFO] - Cache for author page URL: https://easyins.ru/author/surrexi_/ associated with post_type: citadela-item and Title: "Поликлиника.ру на Таганской | Зуб.ру" has been purged, triggered by action: save_post 
[2025-12-03 18:51:52 : INFO] - Cache for URL: https://easyins.ru/base/dms-poliklinikaru-krasnye-vorota/ has been purged, triggered by action: save_post 
[2025-12-03 18:51:52 : INFO] - Cache for author page URL: https://easyins.ru/author/surrexi_/ associated with post_type: citadela-item and Title: "Поликлиника.ру на Красных Воротах | Зуб.ру" has been purged, triggered by action: save_post 
[2025-12-03 18:51:53 : INFO] - Cache for URL: https://easyins.ru/base/dms-poliklinikaru-krasnye-vorota/ has been purged, triggered by action: save_post 
[2025-12-03 18:51:53 : INFO] - Cache for author page URL: https://easyins.ru/author/surrexi_/ associated with post_type: citadela-item and Title: "Поликлиника.ру на Красных Воротах | Зуб.ру" has been purged, triggered by action: save_post 
[2025-12-03 18:52:56 : INFO] - Cache for URL: https://easyins.ru/base/dms-poliklinikaru-avtozavodskaya/ has been purged, triggered by action: save_post 
[2025-12-03 18:52:56 : INFO] - Cache for author page URL: https://easyins.ru/author/surrexi_/ associated with post_type: citadela-item and Title: "Поликлиника.ру на Автозаводской| Зуб.ру" has been purged, triggered by action: save_post 
[2025-12-03 18:52:56 : INFO] - Cache for URL: https://easyins.ru/base/dms-poliklinikaru-avtozavodskaya/ has been purged, triggered by action: save_post 
[2025-12-03 18:52:56 : INFO] - Cache for author page URL: https://easyins.ru/author/surrexi_/ associated with post_type: citadela-item and Title: "Поликлиника.ру на Автозаводской| Зуб.ру" has been purged, triggered by action: save_post 
[2025-12-03 18:54:01 : INFO] - Cache for URL: https://easyins.ru/base/dms-poliklinikaru-1905/ has been purged, triggered by action: save_post 
[2025-12-03 18:54:01 : INFO] - Cache for author page URL: https://easyins.ru/author/surrexi_/ associated with post_type: citadela-item and Title: "Поликлиника.ру на 1905 года | Зуб.ру" has been purged, triggered by action: save_post 
[2025-12-03 18:54:02 : INFO] - Cache for URL: https://easyins.ru/base/dms-poliklinikaru-1905/ has been purged, triggered by action: save_post 
[2025-12-03 18:54:02 : INFO] - Cache for author page URL: https://easyins.ru/author/surrexi_/ associated with post_type: citadela-item and Title: "Поликлиника.ру на 1905 года | Зуб.ру" has been purged, triggered by action: save_post 
[2025-12-03 18:54:59 : INFO] - Cache for URL: https://easyins.ru/base/dms-poliklinikaru-yangelya/ has been purged, triggered by action: save_post 
[2025-12-03 18:54:59 : INFO] - Cache for author page URL: https://easyins.ru/author/surrexi_/ associated with post_type: citadela-item and Title: "Поликлиника.ру на Янгеля" has been purged, triggered by action: save_post 
[2025-12-03 18:54:59 : INFO] - Cache for URL: https://easyins.ru/base/dms-poliklinikaru-yangelya/ has been purged, triggered by action: save_post 
[2025-12-03 18:54:59 : INFO] - Cache for author page URL: https://easyins.ru/author/surrexi_/ associated with post_type: citadela-item and Title: "Поликлиника.ру на Янгеля" has been purged, triggered by action: save_post 
[2025-12-03 18:58:10 : INFO] - Cache for URL: https://easyins.ru/base/dms-poliklinikaru-zelenograd/ has been purged, triggered by action: save_post 
[2025-12-03 18:58:10 : INFO] - Cache for author page URL: https://easyins.ru/author/surrexi_/ associated with post_type: citadela-item and Title: "Поликлиника.ру в Зеленограде" has been purged, triggered by action: save_post 
[2025-12-03 18:58:11 : INFO] - Cache for URL: https://easyins.ru/base/dms-poliklinikaru-zelenograd/ has been purged, triggered by action: save_post 
[2025-12-03 18:58:11 : INFO] - Cache for author page URL: https://easyins.ru/author/surrexi_/ associated with post_type: citadela-item and Title: "Поликлиника.ру в Зеленограде" has been purged, triggered by action: save_post 
[2025-12-03 20:02:34 : INFO] - Cache for URL: https://easyins.ru/base/%d0%bf%d0%b5%d1%80%d0%b8%d0%bd%d0%b0%d1%82%d0%b0%d0%bb%d1%8c%d0%bd%d1%8b%d0%b9-%d1%86%d0%b5%d0%bd%d1%82%d1%80-%d0%b3%d0%b1%d1%83%d0%b7-%d0%b3%d0%ba%d0%b1-%e2%84%96-67/ has been purged, triggered by action: save_post 
[2025-12-03 20:02:34 : INFO] - Cache for author page URL: https://easyins.ru/author/surrexi_/ associated with post_type: citadela-item and Title: "Перинатальный центр ГБУЗ ГКБ № 67" has been purged, triggered by action: save_post 
[2025-12-03 20:02:35 : INFO] - Cache for URL: https://easyins.ru/base/%d0%bf%d0%b5%d1%80%d0%b8%d0%bd%d0%b0%d1%82%d0%b0%d0%bb%d1%8c%d0%bd%d1%8b%d0%b9-%d1%86%d0%b5%d0%bd%d1%82%d1%80-%d0%b3%d0%b1%d1%83%d0%b7-%d0%b3%d0%ba%d0%b1-%e2%84%96-67/ has been purged, triggered by action: save_post 
[2025-12-03 20:02:35 : INFO] - Cache for author page URL: https://easyins.ru/author/surrexi_/ associated with post_type: citadela-item and Title: "Перинатальный центр ГБУЗ ГКБ № 67" has been purged, triggered by action: save_post 
[2025-12-03 20:03:59 : INFO] - Cache for URL: https://easyins.ru/base/%d0%bf%d0%b5%d1%80%d0%b8%d0%bd%d0%b0%d1%82%d0%b0%d0%bb%d1%8c%d0%bd%d1%8b%d0%b9-%d1%86%d0%b5%d0%bd%d1%82%d1%80-%d0%b3%d0%b1%d1%83%d0%b7-%d0%b3%d0%ba%d0%b1-%e2%84%96-67/ has been purged, triggered by action: save_post 
[2025-12-03 20:03:59 : INFO] - Cache for author page URL: https://easyins.ru/author/surrexi_/ associated with post_type: citadela-item and Title: "Перинатальный центр ГБУЗ ГКБ № 67" has been purged, triggered by action: save_post 
[2025-12-03 20:04:00 : INFO] - Cache for URL: https://easyins.ru/base/%d0%bf%d0%b5%d1%80%d0%b8%d0%bd%d0%b0%d1%82%d0%b0%d0%bb%d1%8c%d0%bd%d1%8b%d0%b9-%d1%86%d0%b5%d0%bd%d1%82%d1%80-%d0%b3%d0%b1%d1%83%d0%b7-%d0%b3%d0%ba%d0%b1-%e2%84%96-67/ has been purged, triggered by action: save_post 
[2025-12-03 20:04:00 : INFO] - Cache for author page URL: https://easyins.ru/author/surrexi_/ associated with post_type: citadela-item and Title: "Перинатальный центр ГБУЗ ГКБ № 67" has been purged, triggered by action: save_post 
[2025-12-03 20:09:35 : INFO] - Cache for URL: https://easyins.ru/base/%d0%bf%d0%b5%d1%80%d0%b8%d0%bd%d0%b0%d1%82%d0%b0%d0%bb%d1%8c%d0%bd%d1%8b%d0%b9-%d1%86%d0%b5%d0%bd%d1%82%d1%80-%d0%b3%d0%b1%d1%83%d0%b7-%d0%b3%d0%ba%d0%b1-%e2%84%96-67/ has been purged, triggered by action: save_post 
[2025-12-03 20:09:35 : INFO] - Cache for author page URL: https://easyins.ru/author/surrexi_/ associated with post_type: citadela-item and Title: "Перинатальный центр ГБУЗ ГКБ № 67" has been purged, triggered by action: save_post 
[2025-12-03 20:09:35 : INFO] - Cache for URL: https://easyins.ru/base/%d0%bf%d0%b5%d1%80%d0%b8%d0%bd%d0%b0%d1%82%d0%b0%d0%bb%d1%8c%d0%bd%d1%8b%d0%b9-%d1%86%d0%b5%d0%bd%d1%82%d1%80-%d0%b3%d0%b1%d1%83%d0%b7-%d0%b3%d0%ba%d0%b1-%e2%84%96-67/ has been purged, triggered by action: save_post 
[2025-12-03 20:09:35 : INFO] - Cache for author page URL: https://easyins.ru/author/surrexi_/ associated with post_type: citadela-item and Title: "Перинатальный центр ГБУЗ ГКБ № 67" has been purged, triggered by action: save_post 
[2025-12-03 20:10:23 : INFO] - Cache for URL: https://easyins.ru/base/67-roddom/ has been purged, triggered by action: save_post 
[2025-12-03 20:10:23 : INFO] - Cache for author page URL: https://easyins.ru/author/surrexi_/ associated with post_type: citadela-item and Title: "Перинатальный центр ГБУЗ ГКБ № 67" has been purged, triggered by action: save_post 
[2025-12-03 20:10:23 : INFO] - Cache for multiple term taxonomy have been purged due to post terms update, triggered by action: set_object_terms 
[2025-12-03 20:10:24 : INFO] - Cache for URL: https://easyins.ru/base/67-roddom/ has been purged, triggered by action: save_post 
[2025-12-03 20:10:24 : INFO] - Cache for author page URL: https://easyins.ru/author/surrexi_/ associated with post_type: citadela-item and Title: "Перинатальный центр ГБУЗ ГКБ № 67" has been purged, triggered by action: save_post 
[2025-12-03 20:23:32 : INFO] - Full Cache Purge triggered by: WP_Optimize_Minify_Cache_Functions::purge_others 
[2025-12-03 20:50:35 : INFO] - Cache for URL: https://easyins.ru/base/67-roddom/ has been purged, triggered by action: save_post 
[2025-12-03 20:50:35 : INFO] - Cache for author page URL: https://easyins.ru/author/surrexi_/ associated with post_type: citadela-item and Title: "Перинатальный центр ГБУЗ ГКБ № 67" has been purged, triggered by action: save_post 
[2025-12-03 20:50:36 : INFO] - Cache for URL: https://easyins.ru/base/67-roddom/ has been purged, triggered by action: save_post 
[2025-12-03 20:50:36 : INFO] - Cache for author page URL: https://easyins.ru/author/surrexi_/ associated with post_type: citadela-item and Title: "Перинатальный центр ГБУЗ ГКБ № 67" has been purged, triggered by action: save_post 
[2025-12-03 20:51:21 : INFO] - Cache for URL: https://easyins.ru/base/67-roddom/ has been purged, triggered by action: save_post 
[2025-12-03 20:51:21 : INFO] - Cache for author page URL: https://easyins.ru/author/surrexi_/ associated with post_type: citadela-item and Title: "Перинатальный центр ГБУЗ ГКБ № 67" has been purged, triggered by action: save_post 
[2025-12-03 20:51:22 : INFO] - Cache for URL: https://easyins.ru/base/67-roddom/ has been purged, triggered by action: save_post 
[2025-12-03 20:51:22 : INFO] - Cache for author page URL: https://easyins.ru/author/surrexi_/ associated with post_type: citadela-item and Title: "Перинатальный центр ГБУЗ ГКБ № 67" has been purged, triggered by action: save_post 
[2025-12-03 20:51:55 : INFO] - Cache for URL: https://easyins.ru/base/67-roddom/ has been purged, triggered by action: save_post 
[2025-12-03 20:51:55 : INFO] - Cache for author page URL: https://easyins.ru/author/surrexi_/ associated with post_type: citadela-item and Title: "Перинатальный центр ГБУЗ ГКБ № 67" has been purged, triggered by action: save_post 
[2025-12-03 20:51:55 : INFO] - Cache for URL: https://easyins.ru/base/67-roddom/ has been purged, triggered by action: save_post 
[2025-12-03 20:51:55 : INFO] - Cache for author page URL: https://easyins.ru/author/surrexi_/ associated with post_type: citadela-item and Title: "Перинатальный центр ГБУЗ ГКБ № 67" has been purged, triggered by action: save_post 
[2025-12-03 21:08:14 : INFO] - Full Cache Purge triggered by: plugin activation/deactivation 
[2025-12-03 21:08:48 : INFO] - Full Cache Purge triggered by: plugin activation/deactivation 
[2025-12-03 21:10:04 : INFO] - Full Cache Purge triggered by: plugin activation/deactivation 
[2025-12-03 21:10:41 : INFO] - Full Cache Purge triggered by: plugin activation/deactivation 
[2025-12-03 21:12:00 : INFO] - Full Cache Purge triggered by: WP_Optimize_Minify_Cache_Functions::purge_others 
[2025-12-03 21:15:50 : INFO] - Full Cache Purge triggered by: WP_Optimize_Minify_Cache_Functions::purge_others 
[2025-12-03 21:43:28 : INFO] - Cache for URL: https://easyins.ru/base/67-roddom/ has been purged, triggered by action: save_post 
[2025-12-03 21:43:28 : INFO] - Cache for author page URL: https://easyins.ru/author/surrexi_/ associated with post_type: citadela-item and Title: "Перинатальный центр ГБУЗ ГКБ № 67" has been purged, triggered by action: save_post 
[2025-12-03 21:43:29 : INFO] - Cache for URL: https://easyins.ru/base/67-roddom/ has been purged, triggered by action: save_post 
[2025-12-03 21:43:29 : INFO] - Cache for author page URL: https://easyins.ru/author/surrexi_/ associated with post_type: citadela-item and Title: "Перинатальный центр ГБУЗ ГКБ № 67" has been purged, triggered by action: save_post 
[2025-12-03 21:47:48 : INFO] - Cache for URL: https://easyins.ru/base/67-roddom/ has been purged, triggered by action: save_post 
[2025-12-03 21:47:48 : INFO] - Cache for author page URL: https://easyins.ru/author/surrexi_/ associated with post_type: citadela-item and Title: "Перинатальный центр ГБУЗ ГКБ № 67" has been purged, triggered by action: save_post 
[2025-12-03 21:47:48 : INFO] - Cache for URL: https://easyins.ru/base/67-roddom/ has been purged, triggered by action: save_post 
[2025-12-03 21:47:48 : INFO] - Cache for author page URL: https://easyins.ru/author/surrexi_/ associated with post_type: citadela-item and Title: "Перинатальный центр ГБУЗ ГКБ № 67" has been purged, triggered by action: save_post 
[2025-12-03 21:49:29 : INFO] - Cache for URL: https://easyins.ru/base/67-roddom/ has been purged, triggered by action: save_post 
[2025-12-03 21:49:29 : INFO] - Cache for author page URL: https://easyins.ru/author/surrexi_/ associated with post_type: citadela-item and Title: "Перинатальный центр ГБУЗ ГКБ № 67" has been purged, triggered by action: save_post 
[2025-12-03 21:49:30 : INFO] - Cache for URL: https://easyins.ru/base/67-roddom/ has been purged, triggered by action: save_post 
[2025-12-03 21:49:30 : INFO] - Cache for author page URL: https://easyins.ru/author/surrexi_/ associated with post_type: citadela-item and Title: "Перинатальный центр ГБУЗ ГКБ № 67" has been purged, triggered by action: save_post 
[2025-12-03 21:50:03 : INFO] - Cache for URL: https://easyins.ru/base/67-roddom/ has been purged, triggered by action: save_post 
[2025-12-03 21:50:03 : INFO] - Cache for author page URL: https://easyins.ru/author/surrexi_/ associated with post_type: citadela-item and Title: "Перинатальный центр ГБУЗ ГКБ № 67" has been purged, triggered by action: save_post 
[2025-12-03 21:50:03 : INFO] - Cache for URL: https://easyins.ru/base/67-roddom/ has been purged, triggered by action: save_post 
[2025-12-03 21:50:03 : INFO] - Cache for author page URL: https://easyins.ru/author/surrexi_/ associated with post_type: citadela-item and Title: "Перинатальный центр ГБУЗ ГКБ № 67" has been purged, triggered by action: save_post 
[2025-12-03 21:51:26 : INFO] - Cache for URL: https://easyins.ru/base/67-roddom/ has been purged, triggered by action: save_post 
[2025-12-03 21:51:26 : INFO] - Cache for author page URL: https://easyins.ru/author/surrexi_/ associated with post_type: citadela-item and Title: "Перинатальный центр ГБУЗ ГКБ № 67" has been purged, triggered by action: save_post 
[2025-12-03 21:51:26 : INFO] - Cache for URL: https://easyins.ru/base/67-roddom/ has been purged, triggered by action: save_post 
[2025-12-03 21:51:26 : INFO] - Cache for author page URL: https://easyins.ru/author/surrexi_/ associated with post_type: citadela-item and Title: "Перинатальный центр ГБУЗ ГКБ № 67" has been purged, triggered by action: save_post 
[2025-12-03 21:53:36 : INFO] - Cache for URL: https://easyins.ru/base/67-roddom/ has been purged, triggered by action: save_post 
[2025-12-03 21:53:36 : INFO] - Cache for author page URL: https://easyins.ru/author/surrexi_/ associated with post_type: citadela-item and Title: "Перинатальный центр ГБУЗ ГКБ № 67" has been purged, triggered by action: save_post 
[2025-12-03 21:53:36 : INFO] - Cache for URL: https://easyins.ru/base/67-roddom/ has been purged, triggered by action: save_post 
[2025-12-03 21:53:36 : INFO] - Cache for author page URL: https://easyins.ru/author/surrexi_/ associated with post_type: citadela-item and Title: "Перинатальный центр ГБУЗ ГКБ № 67" has been purged, triggered by action: save_post 
[2025-12-03 21:55:24 : INFO] - Cache for URL: https://easyins.ru/base/67-roddom/ has been purged, triggered by action: save_post 
[2025-12-03 21:55:24 : INFO] - Cache for author page URL: https://easyins.ru/author/surrexi_/ associated with post_type: citadela-item and Title: "Перинатальный центр ГБУЗ ГКБ № 67" has been purged, triggered by action: save_post 
[2025-12-03 21:55:25 : INFO] - Cache for URL: https://easyins.ru/base/67-roddom/ has been purged, triggered by action: save_post 
[2025-12-03 21:55:25 : INFO] - Cache for author page URL: https://easyins.ru/author/surrexi_/ associated with post_type: citadela-item and Title: "Перинатальный центр ГБУЗ ГКБ № 67" has been purged, triggered by action: save_post 
[2025-12-03 21:55:31 : INFO] - Cache for URL: https://easyins.ru/base/67-roddom/ has been purged, triggered by action: save_post 
[2025-12-03 21:55:31 : INFO] - Cache for author page URL: https://easyins.ru/author/surrexi_/ associated with post_type: citadela-item and Title: "Перинатальный центр ГБУЗ ГКБ № 67" has been purged, triggered by action: save_post 
[2025-12-03 21:55:32 : INFO] - Cache for URL: https://easyins.ru/base/67-roddom/ has been purged, triggered by action: save_post 
[2025-12-03 21:55:32 : INFO] - Cache for author page URL: https://easyins.ru/author/surrexi_/ associated with post_type: citadela-item and Title: "Перинатальный центр ГБУЗ ГКБ № 67" has been purged, triggered by action: save_post 
[2025-12-03 21:56:05 : INFO] - Cache for URL: https://easyins.ru/base/67-roddom/ has been purged, triggered by action: save_post 
[2025-12-03 21:56:05 : INFO] - Cache for author page URL: https://easyins.ru/author/surrexi_/ associated with post_type: citadela-item and Title: "Перинатальный центр ГБУЗ ГКБ № 67" has been purged, triggered by action: save_post 
[2025-12-03 21:56:05 : INFO] - Cache for URL: https://easyins.ru/base/67-roddom/ has been purged, triggered by action: save_post 
[2025-12-03 21:56:05 : INFO] - Cache for author page URL: https://easyins.ru/author/surrexi_/ associated with post_type: citadela-item and Title: "Перинатальный центр ГБУЗ ГКБ № 67" has been purged, triggered by action: save_post 
[2025-12-03 21:58:57 : INFO] - Cache for URL: https://easyins.ru/base/67-roddom/ has been purged, triggered by action: save_post 
[2025-12-03 21:58:57 : INFO] - Cache for author page URL: https://easyins.ru/author/surrexi_/ associated with post_type: citadela-item and Title: "Перинатальный центр ГБУЗ ГКБ № 67" has been purged, triggered by action: save_post 
[2025-12-03 21:58:58 : INFO] - Cache for URL: https://easyins.ru/base/67-roddom/ has been purged, triggered by action: save_post 
[2025-12-03 21:58:58 : INFO] - Cache for author page URL: https://easyins.ru/author/surrexi_/ associated with post_type: citadela-item and Title: "Перинатальный центр ГБУЗ ГКБ № 67" has been purged, triggered by action: save_post 
[2025-12-03 22:02:13 : INFO] - Cache for URL: https://easyins.ru/base/67-roddom/ has been purged, triggered by action: save_post 
[2025-12-03 22:02:13 : INFO] - Cache for author page URL: https://easyins.ru/author/surrexi_/ associated with post_type: citadela-item and Title: "Перинатальный центр ГБУЗ ГКБ № 67" has been purged, triggered by action: save_post 
[2025-12-03 22:02:14 : INFO] - Cache for URL: https://easyins.ru/base/67-roddom/ has been purged, triggered by action: save_post 
[2025-12-03 22:02:14 : INFO] - Cache for author page URL: https://easyins.ru/author/surrexi_/ associated with post_type: citadela-item and Title: "Перинатальный центр ГБУЗ ГКБ № 67" has been purged, triggered by action: save_post 
[2025-12-04 06:34:57 : INFO] - Full Cache Purge triggered by: plugin activation/deactivation 
[2025-12-04 06:34:57 : INFO] - Full Cache Purge triggered by: plugin activation/deactivation 
[2025-12-04 06:34:57 : INFO] - Full Cache Purge triggered by: plugin activation/deactivation 
[2025-12-04 06:35:51 : INFO] - Full Cache Purge triggered by: plugin activation/deactivation 
[2025-12-04 06:35:51 : INFO] - Full Cache Purge triggered by: plugin activation/deactivation 
[2025-12-04 06:35:51 : INFO] - Full Cache Purge triggered by: plugin activation/deactivation 
[2025-12-04 06:36:06 : INFO] - Full Cache Purge triggered by: plugin activation/deactivation 
[2025-12-04 06:36:48 : INFO] - Full Cache Purge triggered by: plugin activation/deactivation 
