[2025-11-12 18:05:14 : INFO] - Full Cache Purge triggered by: WP_Optimize_Cache_Commands::purge_page_cache 
[2025-11-12 18:09:30 : INFO] - Full Cache Purge triggered by: WP_Optimize_Cache_Commands::purge_page_cache 
[2025-11-12 18:24:17 : INFO] - Cache for URL: https://easyins.ru/item/osteria-san-marco/ has been purged, triggered by action: save_post 
[2025-11-12 18:24:17 : INFO] - Cache for author page URL: https://easyins.ru/author/surrexi_/ associated with post_type: citadela-item and Title: "Osteria San Marco" has been purged, triggered by action: save_post 
[2025-11-12 18:27:32 : INFO] - Cache for URL: https://easyins.ru/item-detail-page/ has been purged, triggered by action: save_post 
[2025-11-12 18:27:35 : INFO] - Cache for URL: https://easyins.ru/item-detail-page/ has been purged, triggered by action: save_post 
[2025-11-12 18:47:32 : INFO] - Cache for URL: https://easyins.ru/item/le-colonial/ has been purged, triggered by action: save_post 
[2025-11-12 18:47:32 : INFO] - Cache for author page URL: https://easyins.ru/author/surrexi_/ associated with post_type: citadela-item and Title: "Le Colonial" has been purged, triggered by action: save_post 
[2025-11-12 18:53:54 : INFO] - Full Cache Purge triggered by: WP_Optimize_Cache_Commands::purge_page_cache 
[2025-11-12 19:03:52 : INFO] - Full Cache Purge triggered by: WP_Optimize_Cache_Commands::purge_page_cache 
[2025-11-12 19:40:49 : INFO] - Full Cache Purge triggered by: WP_Optimize_Cache_Commands::purge_page_cache 
[2025-11-12 19:48:07 : INFO] - Full Cache Purge triggered by: WP_Optimize_Cache_Commands::purge_page_cache 
[2025-11-12 19:50:21 : INFO] - Full Cache Purge triggered by: WP_Optimize_Cache_Commands::purge_page_cache 
[2025-11-12 20:09:47 : INFO] - Full Cache Purge triggered by: WP_Optimize_Cache_Commands::purge_page_cache 
[2025-11-12 20:15:24 : INFO] - Full Cache Purge triggered by: WPO_Page_Cache::handle_purge_single_page_cache 
[2025-11-12 20:15:29 : INFO] - Full Cache Purge triggered by: WP_Optimize_Minify_Cache_Functions::purge_others 
[2025-11-12 20:20:36 : INFO] - Full Cache Purge triggered by: WP_Optimize_Cache_Commands::purge_page_cache 
[2025-11-12 20:27:08 : INFO] - Full Cache Purge triggered by: WP_Optimize_Cache_Commands::purge_page_cache 
[2025-11-12 20:46:01 : INFO] - Full Cache Purge triggered by: WP_Optimize_Cache_Commands::purge_page_cache 
[2025-11-12 20:54:25 : INFO] - Full Cache Purge triggered by: WP_Optimize_Minify_Cache_Functions::purge_others 
[2025-11-12 20:54:31 : INFO] - Full Cache Purge triggered by: WPO_Page_Cache::handle_purge_single_page_cache 
[2025-11-12 21:06:55 : INFO] - Full Cache Purge triggered by: WP_Optimize_Cache_Commands::purge_page_cache 
[2025-11-12 21:22:08 : INFO] - Full Cache Purge triggered by: WP_Optimize_Cache_Commands::purge_page_cache 
[2025-11-12 21:27:19 : INFO] - Full Cache Purge triggered by: WP_Optimize_Cache_Commands::purge_page_cache 
[2025-11-12 21:37:31 : INFO] - Full Cache Purge triggered by: WP_Optimize_Cache_Commands::purge_page_cache 
[2025-11-12 22:23:57 : INFO] - Full Cache Purge triggered by: WP_Optimize_Cache_Commands::purge_page_cache 
[2025-11-12 22:34:28 : INFO] - Full Cache Purge triggered by: WP_Optimize_Cache_Commands::purge_page_cache 
[2025-11-12 22:37:53 : INFO] - Full Cache Purge triggered by: WP_Optimize_Cache_Commands::purge_page_cache 
[2025-11-12 22:40:17 : INFO] - Full Cache Purge triggered by: WPO_Page_Cache::handle_purge_single_page_cache 
[2025-11-12 22:40:21 : INFO] - Full Cache Purge triggered by: WP_Optimize_Minify_Cache_Functions::purge_others 
[2025-11-12 22:41:30 : INFO] - Full Cache Purge triggered by: WPO_Page_Cache::handle_purge_single_page_cache 
[2025-11-12 22:43:39 : INFO] - Full Cache Purge triggered by: WP_Optimize_Cache_Commands::purge_page_cache 
[2025-11-12 22:44:18 : INFO] - Full Cache Purge triggered by: WP_Optimize_Cache_Commands::purge_page_cache 
[2025-11-12 22:45:03 : INFO] - Full Cache Purge triggered by: WP_Optimize_Cache_Commands::purge_page_cache 
[2025-11-12 22:49:45 : INFO] - Full Cache Purge triggered by: WP_Optimize_Cache_Commands::purge_page_cache 
[2025-11-12 22:52:51 : INFO] - Full Cache Purge triggered by: WP_Optimize_Cache_Commands::purge_page_cache 
[2025-11-12 22:59:10 : INFO] - Full Cache Purge triggered by: WP_Optimize_Cache_Commands::purge_page_cache 
[2025-11-12 23:00:29 : INFO] - Full Cache Purge triggered by: WP_Optimize_Cache_Commands::purge_page_cache 
[2025-11-12 23:07:57 : INFO] - Full Cache Purge triggered by: WP_Optimize_Cache_Commands::purge_page_cache 
[2025-11-13 06:42:13 : INFO] - Full Cache Purge triggered by: WP_Optimize_Cache_Commands::purge_page_cache 
[2025-11-13 06:49:02 : INFO] - Full Cache Purge triggered by: WP_Optimize_Cache_Commands::purge_page_cache 
[2025-11-13 06:51:39 : INFO] - Full Cache Purge triggered by: WP_Optimize_Cache_Commands::purge_page_cache 
[2025-11-13 06:55:34 : INFO] - Full Cache Purge triggered by: WP_Optimize_Cache_Commands::purge_page_cache 
[2025-11-13 07:04:18 : INFO] - Full Cache Purge triggered by: WP_Optimize_Cache_Commands::purge_page_cache 
[2025-11-13 07:06:08 : INFO] - Full Cache Purge triggered by: WP_Optimize_Cache_Commands::purge_page_cache 
[2025-11-13 07:08:58 : INFO] - Full Cache Purge triggered by: WP_Optimize_Cache_Commands::purge_page_cache 
[2025-11-13 07:16:40 : INFO] - Full Cache Purge triggered by: WP_Optimize_Cache_Commands::purge_page_cache 
[2025-11-13 07:18:57 : INFO] - Full Cache Purge triggered by: WP_Optimize_Cache_Commands::purge_page_cache 
[2025-11-13 07:49:05 : INFO] - Full Cache Purge triggered by: WP_Optimize_Cache_Commands::purge_page_cache 
[2025-11-13 08:23:37 : INFO] - Full Cache Purge triggered by: WP_Optimize_Cache_Commands::purge_page_cache 
[2025-11-13 08:33:15 : INFO] - Full Cache Purge triggered by: WP_Optimize_Cache_Commands::purge_page_cache 
[2025-11-13 08:33:40 : INFO] - Full Cache Purge triggered by: WP_Optimize_Cache_Commands::purge_page_cache 
[2025-11-13 08:35:42 : INFO] - Full Cache Purge triggered by: WP_Optimize_Cache_Commands::purge_page_cache 
[2025-11-13 08:38:41 : INFO] - Full Cache Purge triggered by: WP_Optimize_Cache_Commands::purge_page_cache 
[2025-11-13 08:43:02 : INFO] - Full Cache Purge triggered by: WP_Optimize_Cache_Commands::purge_page_cache 
[2025-11-13 08:44:07 : INFO] - Full Cache Purge triggered by: WP_Optimize_Cache_Commands::purge_page_cache 
[2025-11-13 09:10:58 : INFO] - Full Cache Purge triggered by: WP_Optimize_Cache_Commands::purge_page_cache 
[2025-11-13 09:11:24 : INFO] - Full Cache Purge triggered by action: wpo_active_plugin_or_theme_updated 
[2025-11-13 09:11:33 : INFO] - Full Cache Purge triggered by action: wpo_active_plugin_or_theme_updated 
[2025-11-13 09:11:36 : INFO] - Full Cache Purge triggered by: WP_Optimize_Cache_Commands::purge_page_cache 
[2025-11-13 09:13:21 : INFO] - Full Cache Purge triggered by: WP_Optimize_Cache_Commands::purge_page_cache 
[2025-11-13 09:13:51 : INFO] - Full Cache Purge triggered by: WP_Optimize_Cache_Commands::purge_page_cache 
[2025-11-13 09:14:21 : INFO] - Full Cache Purge triggered by: WP_Optimize_Cache_Commands::purge_page_cache 
[2025-11-13 09:27:41 : INFO] - Full Cache Purge triggered by: WP_Optimize_Minify_Cache_Functions::purge_others 
[2025-11-13 09:27:50 : INFO] - Full Cache Purge triggered by: WP_Optimize_Cache_Commands::purge_page_cache 
[2025-11-13 09:28:45 : INFO] - Full Cache Purge triggered by: WP_Optimize_Minify_Cache_Functions::purge_others 
[2025-11-13 09:28:49 : INFO] - Full Cache Purge triggered by: WP_Optimize_Minify_Cache_Functions::purge_others 
[2025-11-13 20:49:21 : INFO] - Full Cache Purge triggered by: WP_Optimize_Cache_Commands::purge_page_cache 
[2025-11-13 21:47:52 : INFO] - Full Cache Purge triggered by: WP_Optimize_Cache_Commands::purge_page_cache 
[2025-11-13 21:54:36 : INFO] - Full Cache Purge triggered by: WP_Optimize_Cache_Commands::purge_page_cache 
[2025-11-13 21:55:43 : INFO] - Full Cache Purge triggered by: WP_Optimize_Cache_Commands::purge_page_cache 
[2025-11-13 22:00:02 : INFO] - Full Cache Purge triggered by: WP_Optimize_Cache_Commands::purge_page_cache 
[2025-11-13 22:10:03 : INFO] - Full Cache Purge triggered by: WP_Optimize_Minify_Cache_Functions::purge_others 
[2025-11-13 22:10:17 : INFO] - Full Cache Purge triggered by: WP_Optimize_Minify_Cache_Functions::purge_others 
[2025-11-13 22:10:43 : INFO] - Full Cache Purge triggered by: WP_Optimize_Minify_Cache_Functions::purge_others 
[2025-11-13 22:10:47 : INFO] - Full Cache Purge triggered by: WP_Optimize_Minify_Cache_Functions::purge_others 
[2025-11-13 22:11:03 : INFO] - Full Cache Purge triggered by: WP_Optimize_Cache_Commands::purge_page_cache 
[2025-11-13 22:15:26 : INFO] - Full Cache Purge triggered by: WP_Optimize_Cache_Commands::purge_page_cache 
[2025-11-13 22:20:01 : INFO] - Full Cache Purge triggered by: WP_Optimize_Minify_Cache_Functions::purge_others 
[2025-11-13 22:20:09 : INFO] - Full Cache Purge triggered by: WP_Optimize_Minify_Cache_Functions::purge_others 
[2025-11-13 22:20:15 : INFO] - Full Cache Purge triggered by: WP_Optimize_Cache_Commands::purge_page_cache 
[2025-11-13 22:56:44 : INFO] - Full Cache Purge triggered by: WP_Optimize_Cache_Commands::purge_page_cache 
[2025-11-13 22:58:13 : INFO] - Full Cache Purge triggered by: WP_Optimize_Cache_Commands::purge_page_cache 
[2025-11-13 23:00:22 : INFO] - Full Cache Purge triggered by: WP_Optimize_Cache_Commands::purge_page_cache 
[2025-11-13 23:02:18 : INFO] - Full Cache Purge triggered by: WP_Optimize_Cache_Commands::purge_page_cache 
[2025-11-13 23:07:16 : INFO] - Full Cache Purge triggered by: WP_Optimize_Cache_Commands::purge_page_cache 
[2025-11-14 18:44:16 : INFO] - Full Cache Purge triggered by action: customize_save_after 
[2025-11-14 19:00:36 : INFO] - Full Cache Purge triggered by action: customize_save_after 
[2025-11-14 20:54:02 : INFO] - Full Cache Purge triggered by: WP_Optimize_Minify_Cache_Functions::purge_others 
[2025-11-14 20:54:07 : INFO] - Full Cache Purge triggered by: WPO_Page_Cache::handle_purge_single_page_cache 
[2025-11-14 20:54:17 : INFO] - Full Cache Purge triggered by: WP_Optimize_Minify_Cache_Functions::purge_others 
[2025-11-14 21:10:26 : INFO] - Full Cache Purge triggered by: WPO_Page_Cache::handle_purge_single_page_cache 
[2025-11-14 21:10:49 : INFO] - Full Cache Purge triggered by: WP_Optimize_Minify_Cache_Functions::purge_others 
[2025-11-15 04:09:20 : INFO] - Full Cache Purge triggered by action: customize_save_after 
[2025-11-15 05:18:57 : INFO] - Full Cache Purge triggered by action: customize_save_after 
[2025-11-15 06:33:15 : INFO] - Full Cache Purge triggered by: WP_Optimize_Minify_Cache_Functions::purge_others 
[2025-11-15 06:41:49 : INFO] - Full Cache Purge triggered by: WP_Optimize_Minify_Cache_Functions::purge_others 
[2025-11-15 06:49:59 : INFO] - Full Cache Purge triggered by: WP_Optimize_Minify_Cache_Functions::purge_others 
[2025-11-15 06:51:41 : INFO] - Full Cache Purge triggered by: WP_Optimize_Minify_Cache_Functions::purge_others 
[2025-11-15 06:58:21 : INFO] - Full Cache Purge triggered by: WP_Optimize_Minify_Cache_Functions::purge_others 
[2025-11-15 07:03:05 : INFO] - Full Cache Purge triggered by: WP_Optimize_Minify_Cache_Functions::purge_others 
[2025-11-15 07:08:20 : INFO] - Full Cache Purge triggered by: WP_Optimize_Minify_Cache_Functions::purge_others 
[2025-11-15 07:08:48 : INFO] - Full Cache Purge triggered by: WP_Optimize_Minify_Cache_Functions::purge_others 
[2025-11-15 07:08:54 : INFO] - Full Cache Purge triggered by: WP_Optimize_Minify_Cache_Functions::purge_others 
[2025-11-15 08:06:31 : INFO] - Full Cache Purge triggered by: WP_Optimize_Minify_Cache_Functions::purge_others 
[2025-11-15 08:06:36 : INFO] - Full Cache Purge triggered by: WPO_Page_Cache::handle_purge_single_page_cache 
[2025-11-15 08:15:26 : INFO] - Full Cache Purge triggered by: WPO_Page_Cache::handle_purge_single_page_cache 
[2025-11-15 08:15:32 : INFO] - Full Cache Purge triggered by: WP_Optimize_Minify_Cache_Functions::purge_others 
[2025-11-15 08:24:39 : INFO] - Full Cache Purge triggered by: WP_Optimize_Minify_Cache_Functions::purge_others 
[2025-11-15 08:26:04 : INFO] - Full Cache Purge triggered by: WP_Optimize_Minify_Cache_Functions::purge_others 
[2025-11-15 08:27:07 : INFO] - Full Cache Purge triggered by: WP_Optimize_Minify_Cache_Functions::purge_others 
[2025-11-15 08:27:51 : INFO] - Full Cache Purge triggered by: WP_Optimize_Minify_Cache_Functions::purge_others 
[2025-11-15 08:27:55 : INFO] - Full Cache Purge triggered by: WP_Optimize_Minify_Cache_Functions::purge_others 
[2025-11-15 08:28:51 : INFO] - Full Cache Purge triggered by: WP_Optimize_Minify_Cache_Functions::purge_others 
[2025-11-15 08:31:15 : INFO] - Full Cache Purge triggered by: plugin activation/deactivation 
[2025-11-15 08:31:15 : INFO] - Full Cache Purge triggered by: WPO_Page_Cache::disable 
[2025-11-15 08:31:15 : INFO] - Full Cache Purge triggered by: WP_Optimize_Minify_Cache_Functions::purge_others 
[2025-11-15 08:32:46 : INFO] - Full Cache Purge triggered by: plugin activation/deactivation 
[2025-11-15 08:34:30 : INFO] - Pruning the Cache log file 
[2025-11-15 08:44:12 : INFO] - Full Cache Purge triggered by: WP_Optimize_Minify_Cache_Functions::purge_others 
[2025-11-15 09:05:25 : INFO] - Cache for URL: https://easyins.ru/home-alternative-half-right/ has been purged, triggered by: WPO_Page_Cache::handle_purge_single_page_cache 
[2025-11-15 09:05:33 : INFO] - Full Cache Purge triggered by: WPO_Page_Cache::handle_purge_single_page_cache 
[2025-11-15 09:05:37 : INFO] - Full Cache Purge triggered by: WP_Optimize_Minify_Cache_Functions::purge_others 
[2025-11-15 09:17:16 : INFO] - Full Cache Purge triggered by: WP_Optimize_Minify_Cache_Functions::purge_others 
[2025-11-15 09:20:46 : INFO] - Full Cache Purge triggered by: WP_Optimize_Minify_Cache_Functions::purge_others 
[2025-11-15 09:29:02 : INFO] - Full Cache Purge triggered by: WP_Optimize_Minify_Cache_Functions::purge_others 
[2025-11-15 09:30:35 : INFO] - Full Cache Purge triggered by: WPO_Page_Cache::handle_purge_single_page_cache 
[2025-11-15 09:30:41 : INFO] - Full Cache Purge triggered by: WP_Optimize_Minify_Cache_Functions::purge_others 
[2025-11-15 09:47:26 : INFO] - Full Cache Purge triggered by: WP_Optimize_Minify_Cache_Functions::purge_others 
[2025-11-15 09:54:47 : INFO] - Setting changed, purging cache 
[2025-11-15 09:56:54 : INFO] - Full Cache Purge triggered by: WP_Optimize_Minify_Cache_Functions::purge_others 
[2025-11-15 09:57:08 : INFO] - Full Cache Purge triggered by: WP_Optimize_Minify_Cache_Functions::purge_others 
[2025-11-15 09:57:34 : INFO] - Full Cache Purge triggered by: WP_Optimize_Minify_Cache_Functions::purge_others 
[2025-11-15 10:24:00 : INFO] - Full Cache Purge triggered by: WP_Optimize_Cache_Commands::purge_page_cache 
[2025-11-15 10:29:12 : INFO] - Full Cache Purge triggered by: WP_Optimize_Cache_Commands::purge_page_cache 
[2025-11-15 11:20:51 : INFO] - Full Cache Purge triggered by: WPO_Page_Cache::disable 
[2025-11-15 11:20:51 : INFO] - Pruning the Cache log file 
[2025-11-15 11:21:02 : INFO] - Full Cache Purge triggered by: WP_Optimize_Minify_Cache_Functions::purge_others 
[2025-11-15 11:29:29 : INFO] - Full Cache Purge triggered by: WP_Optimize_Minify_Cache_Functions::purge_others 
[2025-11-15 11:40:03 : INFO] - Full Cache Purge triggered by: WP_Optimize_Minify_Cache_Functions::purge_others 
[2025-11-15 11:58:20 : INFO] - Full Cache Purge triggered by: WP_Optimize_Minify_Cache_Functions::purge_others 
[2025-11-15 12:41:30 : INFO] - Pruning the Cache log file 
[2025-11-15 12:57:36 : INFO] - Full Cache Purge triggered by: plugin activation/deactivation 
[2025-11-15 13:02:10 : INFO] - Full Cache Purge triggered by: WP_Optimize_Minify_Cache_Functions::purge_others 
[2025-11-15 13:11:22 : INFO] - Full Cache Purge triggered by: WP_Optimize_Minify_Cache_Functions::purge_others 
[2025-11-15 13:12:55 : INFO] - Full Cache Purge triggered by: WP_Optimize_Minify_Cache_Functions::purge_others 
[2025-11-15 13:13:06 : INFO] - Full Cache Purge triggered by: WP_Optimize_Minify_Cache_Functions::purge_others 
[2025-11-15 13:18:51 : INFO] - Full Cache Purge triggered by: WP_Optimize_Minify_Cache_Functions::purge_others 
[2025-11-15 14:20:17 : INFO] - Full Cache Purge triggered by: plugin activation/deactivation 
[2025-11-15 14:28:29 : INFO] - Full Cache Purge triggered by: WP_Optimize_Minify_Cache_Functions::purge_others 
[2025-11-15 14:30:55 : INFO] - Full Cache Purge triggered by: WP_Optimize_Minify_Cache_Functions::purge_others 
[2025-11-15 14:36:23 : INFO] - Full Cache Purge triggered by: WP_Optimize_Minify_Cache_Functions::purge_others 
[2025-11-15 14:36:57 : INFO] - Full Cache Purge triggered by: WP_Optimize_Minify_Cache_Functions::purge_others 
[2025-11-15 14:40:28 : INFO] - Full Cache Purge triggered by: WP_Optimize_Minify_Cache_Functions::purge_others 
[2025-11-15 15:52:01 : INFO] - Full Cache Purge triggered by: WP_Optimize_Minify_Cache_Functions::purge_others 
[2025-11-15 15:59:10 : INFO] - Full Cache Purge triggered by: WP_Optimize_Minify_Cache_Functions::purge_others 
[2025-11-15 15:59:25 : INFO] - Full Cache Purge triggered by: WP_Optimize_Minify_Cache_Functions::purge_others 
[2025-11-15 16:01:03 : INFO] - Full Cache Purge triggered by: WP_Optimize_Minify_Cache_Functions::purge_others 
[2025-11-15 18:55:35 : INFO] - Full Cache Purge triggered by: WP_Optimize_Minify_Cache_Functions::purge_others 
[2025-11-15 18:56:24 : INFO] - Full Cache Purge triggered by: WP_Optimize_Minify_Cache_Functions::purge_others 
[2025-11-15 19:03:19 : INFO] - Full Cache Purge triggered by: WP_Optimize_Minify_Cache_Functions::purge_others 
[2025-11-15 19:04:02 : INFO] - Full Cache Purge triggered by: WP_Optimize_Minify_Cache_Functions::purge_others 
[2025-11-15 19:04:41 : INFO] - Full Cache Purge triggered by: WP_Optimize_Minify_Cache_Functions::purge_others 
[2025-11-15 19:12:01 : INFO] - Full Cache Purge triggered by: WP_Optimize_Minify_Cache_Functions::purge_others 
[2025-11-15 19:14:52 : INFO] - Full Cache Purge triggered by: WP_Optimize_Minify_Cache_Functions::purge_others 
[2025-11-15 19:17:08 : INFO] - Full Cache Purge triggered by: WP_Optimize_Minify_Cache_Functions::purge_others 
[2025-11-15 19:40:38 : INFO] - Full Cache Purge triggered by: WP_Optimize_Minify_Cache_Functions::purge_others 
[2025-11-15 19:44:23 : INFO] - Full Cache Purge triggered by: WP_Optimize_Minify_Cache_Functions::purge_others 
[2025-11-15 19:47:37 : INFO] - Full Cache Purge triggered by: WP_Optimize_Minify_Cache_Functions::purge_others 
[2025-11-15 19:49:42 : INFO] - Full Cache Purge triggered by: WP_Optimize_Minify_Cache_Functions::purge_others 
[2025-11-15 19:56:24 : INFO] - Full Cache Purge triggered by: WP_Optimize_Minify_Cache_Functions::purge_others 
[2025-11-15 20:00:25 : INFO] - Full Cache Purge triggered by: WP_Optimize_Minify_Cache_Functions::purge_others 
[2025-11-15 20:03:08 : INFO] - Full Cache Purge triggered by: WP_Optimize_Minify_Cache_Functions::purge_others 
[2025-11-15 20:04:37 : INFO] - Full Cache Purge triggered by: WP_Optimize_Minify_Cache_Functions::purge_others 
[2025-11-15 20:10:57 : INFO] - Full Cache Purge triggered by: WP_Optimize_Minify_Cache_Functions::purge_others 
[2025-11-15 20:11:24 : INFO] - Full Cache Purge triggered by: WP_Optimize_Minify_Cache_Functions::purge_others 
[2025-11-15 20:35:41 : INFO] - Full Cache Purge triggered by: WP_Optimize_Minify_Cache_Functions::purge_others 
[2025-11-15 20:37:14 : INFO] - Full Cache Purge triggered by: WP_Optimize_Minify_Cache_Functions::purge_others 
[2025-11-15 20:39:53 : INFO] - Full Cache Purge triggered by: WP_Optimize_Minify_Cache_Functions::purge_others 
[2025-11-15 20:40:02 : INFO] - Full Cache Purge triggered by: WP_Optimize_Minify_Cache_Functions::purge_others 
[2025-11-15 20:42:42 : INFO] - Full Cache Purge triggered by: WP_Optimize_Minify_Cache_Functions::purge_others 
[2025-11-15 20:45:11 : INFO] - Full Cache Purge triggered by: WP_Optimize_Minify_Cache_Functions::purge_others 
[2025-11-15 20:51:12 : INFO] - Full Cache Purge triggered by: WP_Optimize_Minify_Cache_Functions::purge_others 
[2025-11-15 20:56:47 : INFO] - Full Cache Purge triggered by: WP_Optimize_Minify_Cache_Functions::purge_others 
[2025-11-15 20:59:34 : INFO] - Full Cache Purge triggered by: WP_Optimize_Minify_Cache_Functions::purge_others 
[2025-11-15 21:15:14 : INFO] - Full Cache Purge triggered by: WP_Optimize_Minify_Cache_Functions::purge_others 
[2025-11-15 21:20:07 : INFO] - Full Cache Purge triggered by: WP_Optimize_Minify_Cache_Functions::purge_others 
[2025-11-15 21:30:49 : INFO] - Full Cache Purge triggered by: WP_Optimize_Minify_Cache_Functions::purge_others 
[2025-11-15 21:30:59 : INFO] - Full Cache Purge triggered by: WP_Optimize_Minify_Cache_Functions::purge_others 
[2025-11-15 21:33:01 : INFO] - Full Cache Purge triggered by: WP_Optimize_Minify_Cache_Functions::purge_others 
[2025-11-15 21:33:16 : INFO] - Full Cache Purge triggered by: WP_Optimize_Minify_Cache_Functions::purge_others 
[2025-11-15 21:41:27 : INFO] - Full Cache Purge triggered by: WP_Optimize_Minify_Cache_Functions::purge_others 
[2025-11-16 06:40:49 : INFO] - Full Cache Purge triggered by: WP_Optimize_Minify_Cache_Functions::purge_others 
[2025-11-17 03:56:33 : INFO] - Full Cache Purge triggered by: plugin activation/deactivation 
[2025-11-17 03:57:01 : INFO] - Full Cache Purge triggered by: plugin activation/deactivation 
[2025-11-17 04:01:55 : INFO] - Full Cache Purge triggered by: plugin activation/deactivation 
[2025-11-17 04:02:09 : INFO] - Full Cache Purge triggered by: plugin activation/deactivation 
[2025-11-17 04:06:41 : INFO] - Full Cache Purge triggered by: plugin activation/deactivation 
[2025-11-17 04:10:47 : INFO] - Full Cache Purge triggered by: plugin activation/deactivation 
[2025-11-17 04:10:52 : INFO] - Full Cache Purge triggered by: plugin activation/deactivation 
[2025-11-17 04:12:21 : INFO] - Full Cache Purge triggered by: plugin activation/deactivation 
[2025-11-17 04:16:18 : INFO] - Full Cache Purge triggered by: plugin activation/deactivation 
[2025-11-17 04:18:16 : INFO] - Full Cache Purge triggered by: plugin activation/deactivation 
[2025-11-17 04:30:24 : INFO] - Full Cache Purge triggered by: plugin activation/deactivation 
[2025-11-17 04:31:05 : INFO] - Full Cache Purge triggered by: plugin activation/deactivation 
[2025-11-17 04:34:28 : INFO] - Full Cache Purge triggered by: plugin activation/deactivation 
[2025-11-17 04:37:23 : INFO] - Full Cache Purge triggered by: plugin activation/deactivation 
[2025-11-17 04:39:31 : INFO] - Full Cache Purge triggered by: plugin activation/deactivation 
[2025-11-17 05:18:02 : INFO] - Full Cache Purge triggered by: plugin activation/deactivation 
[2025-11-17 05:19:57 : INFO] - Full Cache Purge triggered by: plugin activation/deactivation 
[2025-11-17 05:30:47 : INFO] - Full Cache Purge triggered by: plugin activation/deactivation 
[2025-11-17 06:01:18 : INFO] - Full Cache Purge triggered by: plugin activation/deactivation 
[2025-11-17 06:18:45 : INFO] - Full Cache Purge triggered by: plugin activation/deactivation 
[2025-11-17 06:40:57 : INFO] - Full Cache Purge triggered by: plugin activation/deactivation 
[2025-11-17 06:47:02 : INFO] - Full Cache Purge triggered by: plugin activation/deactivation 
[2025-11-17 06:47:18 : INFO] - Full Cache Purge triggered by: plugin activation/deactivation 
[2025-11-17 06:52:34 : INFO] - Full Cache Purge triggered by: plugin activation/deactivation 
[2025-11-17 06:56:17 : INFO] - Full Cache Purge triggered by: plugin activation/deactivation 
[2025-11-17 06:59:20 : INFO] - Full Cache Purge triggered by: plugin activation/deactivation 
[2025-11-17 06:59:39 : INFO] - Full Cache Purge triggered by: plugin activation/deactivation 
[2025-11-17 07:11:53 : INFO] - Full Cache Purge triggered by: plugin activation/deactivation 
[2025-11-17 07:12:50 : INFO] - Full Cache Purge triggered by: plugin activation/deactivation 
[2025-11-17 07:20:09 : INFO] - Full Cache Purge triggered by: plugin activation/deactivation 
[2025-11-17 07:31:59 : INFO] - Full Cache Purge triggered by: WP_Optimize_Minify_Cache_Functions::purge_others 
[2025-11-17 07:36:15 : INFO] - Full Cache Purge triggered by: WP_Optimize_Minify_Cache_Functions::purge_others 
[2025-11-17 07:37:11 : INFO] - Full Cache Purge triggered by: plugin activation/deactivation 
[2025-11-17 07:42:13 : INFO] - Full Cache Purge triggered by: WP_Optimize_Minify_Cache_Functions::purge_others 
[2025-11-17 07:42:28 : INFO] - Full Cache Purge triggered by: WP_Optimize_Minify_Cache_Functions::purge_others 
[2025-11-17 08:02:21 : INFO] - Full Cache Purge triggered by: WP_Optimize_Minify_Cache_Functions::purge_others 
[2025-11-17 08:14:58 : INFO] - Full Cache Purge triggered by: plugin activation/deactivation 
[2025-11-17 08:25:42 : INFO] - Full Cache Purge triggered by: plugin activation/deactivation 
[2025-11-17 08:29:07 : INFO] - Full Cache Purge triggered by: WP_Optimize_Minify_Cache_Functions::purge_others 
[2025-11-17 08:29:43 : INFO] - Full Cache Purge triggered by: WP_Optimize_Minify_Cache_Functions::purge_others 
[2025-11-17 08:32:03 : INFO] - Full Cache Purge triggered by: WP_Optimize_Minify_Cache_Functions::purge_others 
[2025-11-17 08:40:42 : INFO] - Full Cache Purge triggered by: WP_Optimize_Minify_Cache_Functions::purge_others 
[2025-11-17 08:41:54 : INFO] - Full Cache Purge triggered by: WP_Optimize_Minify_Cache_Functions::purge_others 
[2025-11-17 08:44:49 : INFO] - Full Cache Purge triggered by: WP_Optimize_Minify_Cache_Functions::purge_others 
[2025-11-17 08:45:33 : INFO] - Full Cache Purge triggered by: WP_Optimize_Minify_Cache_Functions::purge_others 
[2025-11-17 08:52:28 : INFO] - Full Cache Purge triggered by: plugin activation/deactivation 
[2025-11-17 08:53:02 : INFO] - Full Cache Purge triggered by: plugin activation/deactivation 
[2025-11-17 08:56:17 : INFO] - Full Cache Purge triggered by: WP_Optimize_Minify_Cache_Functions::purge_others 
[2025-11-17 08:59:17 : INFO] - Full Cache Purge triggered by: WP_Optimize_Minify_Cache_Functions::purge_others 
[2025-11-17 09:14:39 : INFO] - Full Cache Purge triggered by: plugin activation/deactivation 
[2025-11-17 09:15:12 : INFO] - Full Cache Purge triggered by: plugin activation/deactivation 
[2025-11-17 09:25:57 : INFO] - Full Cache Purge triggered by: WP_Optimize_Minify_Cache_Functions::purge_others 
[2025-11-17 09:29:15 : INFO] - Full Cache Purge triggered by: plugin activation/deactivation 
[2025-11-17 09:38:09 : INFO] - Full Cache Purge triggered by: plugin activation/deactivation 
[2025-11-17 09:52:32 : INFO] - Full Cache Purge triggered by: plugin activation/deactivation 
[2025-11-17 10:02:40 : INFO] - Full Cache Purge triggered by: plugin activation/deactivation 
[2025-11-17 10:09:37 : INFO] - Full Cache Purge triggered by: plugin activation/deactivation 
[2025-11-17 10:09:41 : INFO] - Full Cache Purge triggered by: plugin activation/deactivation 
[2025-11-17 10:17:10 : INFO] - Full Cache Purge triggered by: plugin activation/deactivation 
[2025-11-17 10:17:33 : INFO] - Full Cache Purge triggered by: plugin activation/deactivation 
[2025-11-17 10:22:49 : INFO] - Full Cache Purge triggered by: plugin activation/deactivation 
[2025-11-17 10:35:46 : INFO] - Full Cache Purge triggered by: plugin activation/deactivation 
[2025-11-17 10:47:52 : INFO] - Full Cache Purge triggered by: plugin activation/deactivation 
[2025-11-17 10:48:21 : INFO] - Full Cache Purge triggered by: plugin activation/deactivation 
[2025-11-17 11:31:15 : INFO] - Full Cache Purge triggered by: plugin activation/deactivation 
[2025-11-17 11:47:57 : INFO] - Full Cache Purge triggered by: plugin activation/deactivation 
[2025-11-17 12:40:39 : INFO] - Full Cache Purge triggered by: plugin activation/deactivation 
[2025-11-17 12:40:58 : INFO] - Full Cache Purge triggered by: plugin activation/deactivation 
[2025-11-17 12:53:45 : INFO] - Full Cache Purge triggered by: plugin activation/deactivation 
[2025-11-17 12:54:03 : INFO] - Full Cache Purge triggered by: plugin activation/deactivation 
[2025-11-17 13:03:02 : INFO] - Full Cache Purge triggered by: plugin activation/deactivation 
[2025-11-17 13:04:46 : INFO] - Full Cache Purge triggered by: plugin activation/deactivation 
[2025-11-17 13:08:43 : INFO] - Full Cache Purge triggered by: plugin activation/deactivation 
[2025-11-17 13:09:58 : INFO] - Full Cache Purge triggered by: plugin activation/deactivation 
[2025-11-17 13:14:50 : INFO] - Full Cache Purge triggered by: plugin activation/deactivation 
[2025-11-17 13:15:49 : INFO] - Full Cache Purge triggered by: plugin activation/deactivation 
[2025-11-17 13:18:17 : INFO] - Full Cache Purge triggered by: plugin activation/deactivation 
[2025-11-17 13:18:46 : INFO] - Full Cache Purge triggered by: plugin activation/deactivation 
[2025-11-17 13:19:33 : INFO] - Full Cache Purge triggered by: plugin activation/deactivation 
[2025-11-17 13:26:49 : INFO] - Full Cache Purge triggered by: plugin activation/deactivation 
[2025-11-17 16:04:38 : INFO] - Full Cache Purge triggered by: plugin activation/deactivation 
[2025-11-17 16:15:46 : INFO] - Full Cache Purge triggered by: WP_Optimize_Minify_Cache_Functions::purge_others 
[2025-11-17 16:17:34 : INFO] - Full Cache Purge triggered by action: wpo_active_plugin_or_theme_updated 
[2025-11-17 16:50:24 : INFO] - Full Cache Purge triggered by: WPO_Page_Cache::disable 
[2025-11-17 16:50:24 : INFO] - Pruning the Cache log file 
[2025-11-17 16:58:46 : INFO] - Full Cache Purge triggered by: WP_Optimize_Minify_Cache_Functions::purge_others 
[2025-11-17 17:02:58 : INFO] - Full Cache Purge triggered by: WP_Optimize_Minify_Cache_Functions::purge_others 
[2025-11-17 17:06:55 : INFO] - Full Cache Purge triggered by: WP_Optimize_Minify_Cache_Functions::purge_others 
[2025-11-17 17:08:50 : INFO] - Full Cache Purge triggered by: WP_Optimize_Minify_Cache_Functions::purge_others 
[2025-11-17 17:09:28 : INFO] - Setting changed, purging cache 
[2025-11-17 17:10:45 : INFO] - Setting changed, purging cache 
[2025-11-17 17:13:27 : INFO] - Setting changed, purging cache 
[2025-11-17 17:13:50 : INFO] - Full Cache Purge triggered by: WP_Optimize_Minify_Cache_Functions::purge_others 
[2025-11-17 17:27:58 : INFO] - Full Cache Purge triggered by: WP_Optimize_Minify_Cache_Functions::purge_others 
[2025-11-17 17:37:17 : INFO] - Full Cache Purge triggered by: WP_Optimize_Minify_Cache_Functions::purge_others 
[2025-11-17 17:42:13 : INFO] - Full Cache Purge triggered by: WP_Optimize_Minify_Cache_Functions::purge_others 
[2025-11-17 17:44:31 : INFO] - Pruning the Cache log file 
[2025-11-17 19:00:51 : INFO] - Full Cache Purge triggered by: WP_Optimize_Minify_Cache_Functions::purge_others 
[2025-11-17 19:19:57 : INFO] - Full Cache Purge triggered by: WP_Optimize_Minify_Cache_Functions::purge_others 
[2025-11-18 02:15:54 : INFO] - Full Cache Purge triggered by: WP_Optimize_Minify_Cache_Functions::purge_others 
[2025-11-18 04:30:16 : INFO] - Full Cache Purge triggered by: WP_Optimize_Minify_Cache_Functions::purge_others 
[2025-11-18 04:30:23 : INFO] - Full Cache Purge triggered by: WP_Optimize_Minify_Cache_Functions::purge_others 
[2025-11-18 04:51:52 : INFO] - Full Cache Purge triggered by: plugin activation/deactivation 
[2025-11-18 04:51:54 : INFO] - Full Cache Purge triggered by: plugin activation/deactivation 
[2025-11-18 04:52:33 : INFO] - Full Cache Purge triggered by: plugin activation/deactivation 
[2025-11-18 04:52:35 : INFO] - Full Cache Purge triggered by: plugin activation/deactivation 
[2025-11-18 05:57:08 : INFO] - Full Cache Purge triggered by: WP_Optimize_Minify_Cache_Functions::purge_others 
[2025-11-18 06:00:12 : INFO] - Full Cache Purge triggered by: WP_Optimize_Minify_Cache_Functions::purge_others 
[2025-11-18 06:41:35 : INFO] - Full Cache Purge triggered by action: customize_save_after 
[2025-11-18 12:04:15 : INFO] - Full Cache Purge triggered by: WP_Optimize_Minify_Cache_Functions::purge_others 
[2025-11-18 12:05:06 : INFO] - Full Cache Purge triggered by: WP_Optimize_Minify_Cache_Functions::purge_others 
[2025-11-18 12:07:24 : INFO] - Full Cache Purge triggered by: WP_Optimize_Minify_Cache_Functions::purge_others 
[2025-11-18 12:07:49 : INFO] - Full Cache Purge triggered by: WP_Optimize_Minify_Cache_Functions::purge_others 
[2025-11-18 12:07:58 : INFO] - Full Cache Purge triggered by: WP_Optimize_Minify_Cache_Functions::purge_others 
[2025-11-18 12:15:30 : INFO] - Full Cache Purge triggered by: WP_Optimize_Minify_Cache_Functions::purge_others 
[2025-11-18 12:15:44 : INFO] - Full Cache Purge triggered by: WP_Optimize_Minify_Cache_Functions::purge_others 
[2025-11-18 12:17:04 : INFO] - Full Cache Purge triggered by: WP_Optimize_Minify_Cache_Functions::purge_others 
[2025-11-18 12:19:38 : INFO] - Full Cache Purge triggered by: WP_Optimize_Minify_Cache_Functions::purge_others 
[2025-11-18 12:25:42 : INFO] - Full Cache Purge triggered by: WP_Optimize_Minify_Cache_Functions::purge_others 
[2025-11-18 12:27:55 : INFO] - Full Cache Purge triggered by: WP_Optimize_Minify_Cache_Functions::purge_others 
[2025-11-18 12:32:36 : INFO] - Full Cache Purge triggered by: WP_Optimize_Minify_Cache_Functions::purge_others 
[2025-11-18 12:51:13 : INFO] - Full Cache Purge triggered by: WP_Optimize_Minify_Cache_Functions::purge_others 
[2025-11-18 12:51:22 : INFO] - Full Cache Purge triggered by: WP_Optimize_Minify_Cache_Functions::purge_others 
[2025-11-18 12:53:27 : INFO] - Full Cache Purge triggered by: WP_Optimize_Minify_Cache_Functions::purge_others 
[2025-11-18 12:55:30 : INFO] - Full Cache Purge triggered by: WP_Optimize_Minify_Cache_Functions::purge_others 
[2025-11-18 12:58:08 : INFO] - Full Cache Purge triggered by: WP_Optimize_Minify_Cache_Functions::purge_others 
[2025-11-18 12:59:48 : INFO] - Full Cache Purge triggered by: WP_Optimize_Minify_Cache_Functions::purge_others 
[2025-11-18 13:00:10 : INFO] - Full Cache Purge triggered by: WP_Optimize_Minify_Cache_Functions::purge_others 
[2025-11-18 13:03:31 : INFO] - Full Cache Purge triggered by: WP_Optimize_Minify_Cache_Functions::purge_others 
[2025-11-18 13:04:14 : INFO] - Full Cache Purge triggered by: WP_Optimize_Minify_Cache_Functions::purge_others 
[2025-11-18 13:05:53 : INFO] - Full Cache Purge triggered by: WP_Optimize_Minify_Cache_Functions::purge_others 
[2025-11-18 13:47:38 : INFO] - Full Cache Purge triggered by: WP_Optimize_Minify_Cache_Functions::purge_others 
[2025-11-18 14:27:47 : INFO] - Full Cache Purge triggered by: WP_Optimize_Minify_Cache_Functions::purge_others 
[2025-11-18 14:34:54 : INFO] - Full Cache Purge triggered by: WP_Optimize_Minify_Cache_Functions::purge_others 
[2025-11-18 14:39:07 : INFO] - Full Cache Purge triggered by: WP_Optimize_Minify_Cache_Functions::purge_others 
[2025-11-18 14:39:12 : INFO] - Full Cache Purge triggered by: WP_Optimize_Minify_Cache_Functions::purge_others 
[2025-11-18 15:11:06 : INFO] - Full Cache Purge triggered by: WP_Optimize_Minify_Cache_Functions::purge_others 
[2025-11-18 15:18:50 : INFO] - Full Cache Purge triggered by: WP_Optimize_Minify_Cache_Functions::purge_others 
[2025-11-18 16:55:28 : INFO] - Full Cache Purge triggered by: WP_Optimize_Minify_Cache_Functions::purge_others 
[2025-11-18 16:57:51 : INFO] - Full Cache Purge triggered by: WP_Optimize_Minify_Cache_Functions::purge_others 
[2025-11-18 17:02:32 : INFO] - Full Cache Purge triggered by: WP_Optimize_Minify_Cache_Functions::purge_others 
[2025-11-18 17:17:21 : INFO] - Full Cache Purge triggered by: WP_Optimize_Minify_Cache_Functions::purge_others 
[2025-11-18 17:32:14 : INFO] - Full Cache Purge triggered by: WP_Optimize_Minify_Cache_Functions::purge_others 
[2025-11-18 17:37:51 : INFO] - Full Cache Purge triggered by: WP_Optimize_Minify_Cache_Functions::purge_others 
[2025-11-18 17:38:34 : INFO] - Full Cache Purge triggered by: WP_Optimize_Minify_Cache_Functions::purge_others 
[2025-11-18 18:07:37 : INFO] - Full Cache Purge triggered by: WP_Optimize_Minify_Cache_Functions::purge_others 
[2025-11-18 18:08:18 : INFO] - Full Cache Purge triggered by: WP_Optimize_Minify_Cache_Functions::purge_others 
[2025-11-18 18:09:28 : INFO] - Full Cache Purge triggered by: WP_Optimize_Minify_Cache_Functions::purge_others 
[2025-11-18 18:15:56 : INFO] - Full Cache Purge triggered by: WP_Optimize_Minify_Cache_Functions::purge_others 
[2025-11-18 18:17:05 : INFO] - Full Cache Purge triggered by: WP_Optimize_Minify_Cache_Functions::purge_others 
[2025-11-18 18:27:19 : INFO] - Full Cache Purge triggered by: WP_Optimize_Minify_Cache_Functions::purge_others 
[2025-11-18 18:41:33 : INFO] - Full Cache Purge triggered by: WP_Optimize_Minify_Cache_Functions::purge_others 
[2025-11-18 18:41:44 : INFO] - Full Cache Purge triggered by: WP_Optimize_Minify_Cache_Functions::purge_others 
[2025-11-18 18:41:59 : INFO] - Full Cache Purge triggered by: WP_Optimize_Minify_Cache_Functions::purge_others 
[2025-11-18 18:42:07 : INFO] - Full Cache Purge triggered by: WP_Optimize_Minify_Cache_Functions::purge_others 
[2025-11-19 03:01:06 : INFO] - Full Cache Purge triggered by: plugin activation/deactivation 
[2025-11-19 03:02:04 : INFO] - Cache for URL: https://easyins.ru/planned-hospitalization/ has been purged, triggered by action: save_post 
[2025-11-19 03:02:04 : INFO] - Cache for author page URL: https://easyins.ru/author/surrexi_/ associated with post_type: page and Title: "Плановая госпитализация по ДМС" has been purged, triggered by action: save_post 
[2025-11-19 03:02:04 : INFO] - Cache for URL: https://easyins.ru/planned-hospitalization/abroad/ has been purged, triggered by action: save_post 
[2025-11-19 03:02:04 : INFO] - Cache for author page URL: https://easyins.ru/author/surrexi_/ associated with post_type: page and Title: "Сравнение сроков ожидания замены тазобедренного сустава в РФ и зарубежом" has been purged, triggered by action: save_post 
[2025-11-19 03:02:04 : INFO] - Cache for URL: https://easyins.ru/critical-illness/ has been purged, triggered by action: save_post 
[2025-11-19 03:02:04 : INFO] - Cache for author page URL: https://easyins.ru/author/surrexi_/ associated with post_type: page and Title: "Критические заболевания" has been purged, triggered by action: save_post 
[2025-11-19 03:02:04 : INFO] - Cache for URL: https://easyins.ru/planned-hospitalization/business/ has been purged, triggered by action: save_post 
[2025-11-19 03:02:04 : INFO] - Cache for author page URL: https://easyins.ru/author/surrexi_/ associated with post_type: page and Title: "Плановая госпитализация в корпоративном ДМС" has been purged, triggered by action: save_post 
[2025-11-19 03:02:04 : INFO] - Cache for URL: https://easyins.ru/tz-dms/ has been purged, triggered by action: save_post 
[2025-11-19 03:02:04 : INFO] - Cache for author page URL: https://easyins.ru/author/surrexi_/ associated with post_type: page and Title: "Анкета для запроса КП юрлицам" has been purged, triggered by action: save_post 
[2025-11-19 03:02:04 : INFO] - Cache for URL: https://easyins.ru/company/ has been purged, triggered by action: save_post 
[2025-11-19 03:02:04 : INFO] - Cache for author page URL: https://easyins.ru/author/surrexi_/ associated with post_type: page and Title: "Юрлица и ИП" has been purged, triggered by action: save_post 
[2025-11-19 03:02:04 : INFO] - Cache for URL: https://easyins.ru/%d1%82%d0%b5%d1%81%d1%82%d0%be%d0%b2%d0%b0%d1%8f/ has been purged, triggered by action: save_post 
[2025-11-19 03:02:04 : INFO] - Cache for author page URL: https://easyins.ru/author/surrexi_/ associated with post_type: page and Title: "Тестовая" has been purged, triggered by action: save_post 
[2025-11-19 03:02:04 : INFO] - Cache for URL: https://easyins.ru/planned-hospitalization/sp_fl/ has been purged, triggered by action: save_post 
[2025-11-19 03:02:04 : INFO] - Cache for author page URL: https://easyins.ru/author/surrexi_/ associated with post_type: page and Title: "Плановая госпитализация по ДМС для частных клиентов" has been purged, triggered by action: save_post 
[2025-11-19 03:02:04 : INFO] - Cache for URL: https://easyins.ru/planned-hospitalization/sp-group/ has been purged, triggered by action: save_post 
[2025-11-19 03:02:04 : INFO] - Cache for author page URL: https://easyins.ru/author/surrexi_/ associated with post_type: page and Title: "Законные способы и риски создания «искусственного» коллектива для страховки." has been purged, triggered by action: save_post 
[2025-11-19 03:02:04 : INFO] - Cache for URL: https://easyins.ru/ns-strakhovanie-pacientov/ has been purged, triggered by action: save_post 
[2025-11-19 03:02:04 : INFO] - Cache for author page URL: https://easyins.ru/author/surrexi_/ associated with post_type: page and Title: "Обязательное страхование пациентов" has been purged, triggered by action: save_post 
[2025-11-19 03:18:04 : INFO] - Cache for URL: https://easyins.ru/shop/ has been purged, triggered by action: save_post 
[2025-11-19 03:18:04 : INFO] - Cache for author page URL: https://easyins.ru/author/surrexi_/ associated with post_type: page and Title: "Shop" has been purged, triggered by action: save_post 
[2025-11-19 03:18:38 : INFO] - Cache for URL: https://easyins.ru/about-citadela/ has been purged, triggered by action: save_post 
[2025-11-19 03:18:38 : INFO] - Cache for author page URL: https://easyins.ru/author/surrexi_/ associated with post_type: page and Title: "About Citadela" has been purged, triggered by action: save_post 
[2025-11-19 03:18:46 : INFO] - Cache for URL: https://easyins.ru/blog/ has been purged, triggered by action: save_post 
[2025-11-19 03:18:46 : INFO] - Cache for author page URL: https://easyins.ru/author/surrexi_/ associated with post_type: page and Title: "Blog" has been purged, triggered by action: save_post 
[2025-11-19 03:20:14 : INFO] - Cache for URL: https://easyins.ru/planned-hospitalization/ has been purged, triggered by action: save_post 
[2025-11-19 03:20:14 : INFO] - Cache for author page URL: https://easyins.ru/author/surrexi_/ associated with post_type: page and Title: "Плановая госпитализация по ДМС" has been purged, triggered by action: save_post 
[2025-11-19 03:20:19 : INFO] - Cache for URL: https://easyins.ru/planned-hospitalization/ has been purged, triggered by action: save_post 
[2025-11-19 03:20:19 : INFO] - Cache for author page URL: https://easyins.ru/author/surrexi_/ associated with post_type: page and Title: "Плановая госпитализация по ДМС" has been purged, triggered by action: save_post 
[2025-11-19 18:32:46 : INFO] - Full Cache Purge triggered by: plugin activation/deactivation 
[2025-11-19 18:49:06 : INFO] - Cache for URL: https://easyins.ru/item-detail-page/ has been purged, triggered by action: save_post 
[2025-11-19 18:49:09 : INFO] - Cache for URL: https://easyins.ru/item-detail-page/ has been purged, triggered by action: save_post 
[2025-11-19 18:54:00 : INFO] - Full Cache Purge triggered by action: customize_save_after 
[2025-11-19 19:02:14 : INFO] - Full Cache Purge triggered by action: customize_save_after 
[2025-11-19 19:05:56 : INFO] - Full Cache Purge triggered by action: customize_save_after 
[2025-11-19 19:08:51 : INFO] - Full Cache Purge triggered by action: customize_save_after 
[2025-11-19 19:11:00 : INFO] - Full Cache Purge triggered by action: customize_save_after 
[2025-11-19 19:14:40 : INFO] - Full Cache Purge triggered by: plugin activation/deactivation 
